{"sent":true,"message":"Sent to 77080505634@c.us","id":"true_77080505634@c.us_3EB05367F3FDBAA6A3D4","queueNumber":575}
{"sent":true,"message":"Sent to 77080505634@c.us","id":"true_77080505634@c.us_3EB0A56E519D24F09C4A","queueNumber":576}
{"sent":true,"message":"Sent to 77080505634@c.us","id":"true_77080505634@c.us_3EB0341A620E6694FF19","queueNumber":577}
{"sent":true,"message":"Sent to 77080505634@c.us","id":"true_77080505634@c.us_3EB0EF8F76A2F7974D01","queueNumber":578}
{"sent":true,"message":"Sent to 77080505634@c.us","id":"true_77080505634@c.us_3EB0A9AE3CF5039E149B","queueNumber":579}
{"sent":true,"message":"Sent to 77080505634@c.us","id":"true_77080505634@c.us_3EB03C83D010D4FB724D","queueNumber":580}
{"sent":true,"message":"Sent to 77080505634@c.us","id":"true_77080505634@c.us_3EB0D32B965DA9015473","queueNumber":581}
{"sent":true,"message":"Sent to 77080505634@c.us","id":"true_77080505634@c.us_3EB0E1EA86E86D82DEB1","queueNumber":582}
{"sent":true,"message":"Sent to 77080505634@c.us","id":"true_77080505634@c.us_3EB065C9AE2B96DCCA9D","queueNumber":583}
{"sent":true,"message":"Sent to 77080505634@c.us","id":"true_77080505634@c.us_3EB020597AA43A13C4B8","queueNumber":584}
{"sent":true,"message":"Sent to 77080505634@c.us","id":"true_77080505634@c.us_3EB02FBFA1B875E309A2","queueNumber":585}
{"sent":true,"message":"Sent to 77080505634@c.us","id":"true_77080505634@c.us_3EB0C205221BF5B9AD2C","queueNumber":587}
{"sent":true,"message":"Sent to 77080505634@c.us","id":"true_77080505634@c.us_3EB0FEAC4C18FAC42C68","queueNumber":588}
{"sent":true,"message":"Sent to 77080505634@c.us","id":"true_77080505634@c.us_3EB0973DB551CE79C3F6","queueNumber":589}
{"sent":true,"message":"Sent to 77080505634@c.us","id":"true_77080505634@c.us_3EB0E231732F4933AEFE","queueNumber":590}
{"sent":true,"message":"Sent to 77080505634@c.us","id":"true_77080505634@c.us_3EB03CF9466A5222BE0F","queueNumber":591}
{"sent":true,"message":"Sent to 77080505634@c.us","id":"true_77080505634@c.us_3EB0F4D55A6AB22195A1","queueNumber":592}
{"sent":true,"message":"Sent to 77080505634@c.us","id":"true_77080505634@c.us_3EB068FF179C5409355F","queueNumber":593}
{"sent":true,"message":"Sent to 77080505634@c.us","id":"true_77080505634@c.us_3EB020218FCB752A721E","queueNumber":594}
{"sent":true,"message":"Sent to 77080505634@c.us","id":"true_77080505634@c.us_3EB05B4C76850D089F76","queueNumber":595}
{"sent":true,"message":"Sent to 77080505634@c.us","id":"true_77080505634@c.us_3EB0CA9916E7E6D3C0B9","queueNumber":596}
{"sent":true,"message":"Sent to 77080505634@c.us","id":"true_77080505634@c.us_3EB0EF6AC31BEA9021B1","queueNumber":597}
{"sent":true,"message":"Sent to 77080505634@c.us","id":"true_77080505634@c.us_3EB0D4DFE79B062D9371","queueNumber":598}
{"sent":true,"message":"Sent to 77080505634@c.us","id":"true_77080505634@c.us_3EB00EEB4F0744E7FD2A","queueNumber":599}
{"sent":true,"message":"Sent to 77080505634@c.us","id":"true_77080505634@c.us_3EB02CE72A5722C1963B","queueNumber":600}
{"sent":true,"message":"Sent to 77080505634@c.us","id":"true_77080505634@c.us_3EB01041B16B26E504FB","queueNumber":601}
{"sent":true,"message":"Sent to 77080505634@c.us","id":"true_77080505634@c.us_3EB0EDD76B2935353590","queueNumber":602}
{"sent":true,"message":"Sent to 77080505634@c.us","id":"true_77080505634@c.us_3EB09C1E3F9959368E4D","queueNumber":603}
{"sent":true,"message":"Sent to 77080505634@c.us","id":"true_77080505634@c.us_3EB0D8C1D92FCF4B354D","queueNumber":604}
{"sent":true,"message":"Sent to 77080505634@c.us","id":"true_77080505634@c.us_3EB0E66163EBEAB06E8C","queueNumber":605}
{"sent":true,"message":"Sent to 77080505634@c.us","id":"true_77080505634@c.us_3EB07A4BF92D047AEFCA","queueNumber":606}
{"sent":true,"message":"Sent to 77080505634@c.us","id":"true_77080505634@c.us_3EB0EA081364FA5DBC30","queueNumber":607}
{"sent":true,"message":"Sent to 77080505634@c.us","id":"true_77080505634@c.us_3EB0DA48108A1AA93A72","queueNumber":608}
{"sent":true,"message":"Sent to 77080505634@c.us","id":"true_77080505634@c.us_3EB02572B90CC7648E7D","queueNumber":609}
{"sent":true,"message":"Sent to 77080505634@c.us","id":"true_77080505634@c.us_3EB09AB1EC7A0AC62F50","queueNumber":610}
{"sent":true,"message":"Sent to 77758694000@c.us","id":"true_77758694000@c.us_3EB0559A0A0C1E9111FA","queueNumber":611}
{"sent":true,"message":"Sent to 77758694000@c.us","id":"true_77758694000@c.us_3EB0605602059EE1ACF0","queueNumber":612}
{"sent":true,"message":"Sent to 77024247177@c.us","id":"true_77024247177@c.us_3EB094E4A6664014B88C","queueNumber":613}
{"sent":true,"message":"Sent to 77024247177@c.us","id":"true_77024247177@c.us_3EB0575DDFC5380DC078","queueNumber":614}
{"sent":true,"message":"Sent to 77773831674@c.us","id":"true_77773831674@c.us_3EB09771FB15A4F6B873","queueNumber":615}
{"sent":true,"message":"Sent to 77773831674@c.us","id":"true_77773831674@c.us_3EB0D384B974D5F615F2","queueNumber":616}
{"sent":true,"message":"Sent to 77010144807@c.us","id":"true_77010144807@c.us_3EB0968446E465BE2BD6","queueNumber":617}
{"sent":true,"message":"Sent to 77010144807@c.us","id":"true_77010144807@c.us_3EB07FCC33A6D0A00EC7","queueNumber":618}
{"sent":true,"message":"Sent to 77017181234@c.us","id":"true_77017181234@c.us_3EB0774E664BDDA47274","queueNumber":619}
{"sent":true,"message":"Sent to 77017181234@c.us","id":"true_77017181234@c.us_3EB0AB56FBD6A902BB13","queueNumber":620}
{"sent":true,"message":"Sent to 77016888212@c.us","id":"true_77016888212@c.us_3EB059F5EF1DD3AE65FF","queueNumber":621}
{"sent":true,"message":"Sent to 77016888212@c.us","id":"true_77016888212@c.us_3EB0A4FE631AE61CBA45","queueNumber":622}
{"sent":true,"message":"Sent to 77017150565@c.us","id":"true_77017150565@c.us_3EB06992AA6B40A43004","queueNumber":623}
{"sent":true,"message":"Sent to 77017150565@c.us","id":"true_77017150565@c.us_3EB05517D058B3588A21","queueNumber":624}
{"sent":true,"message":"Sent to 77015778979@c.us","id":"true_77015778979@c.us_3EB0EF3FA013752AF297","queueNumber":625}
{"sent":true,"message":"Sent to 77015778979@c.us","id":"true_77015778979@c.us_3EB045D093CD05D313F9","queueNumber":626}
{"sent":true,"message":"Sent to 77778345500@c.us","id":"true_77778345500@c.us_3EB0A9348DF35564E7D2","queueNumber":627}
{"sent":true,"message":"Sent to 77778345500@c.us","id":"true_77778345500@c.us_3EB0653AB7C2B2F380CF","queueNumber":628}
{"sent":true,"message":"Sent to 77017119908@c.us","id":"true_77017119908@c.us_3EB0DA4D76895E2AE952","queueNumber":629}
{"sent":true,"message":"Sent to 77017119908@c.us","id":"true_77017119908@c.us_3EB0908E121919156039","queueNumber":630}
{"sent":true,"message":"Sent to 77012227220@c.us","id":"true_77012227220@c.us_3EB075293600154D10CB","queueNumber":631}
{"sent":true,"message":"Sent to 77012227220@c.us","id":"true_77012227220@c.us_3EB08AA479164034F5EE","queueNumber":632}
{"sent":true,"message":"Sent to 77780413813@c.us","id":"true_77780413813@c.us_3EB0AC5EAB6085A46170","queueNumber":633}
{"sent":true,"message":"Sent to 77780413813@c.us","id":"true_77780413813@c.us_3EB0F95780E9DD78AE3B","queueNumber":634}
{"sent":true,"message":"Sent to 77021198317@c.us","id":"true_77021198317@c.us_3EB0D8493647D26C8CCC","queueNumber":635}
{"sent":true,"message":"Sent to 77021198317@c.us","id":"true_77021198317@c.us_3EB06B801D85F4A737C8","queueNumber":636}
{"sent":true,"message":"Sent to 77017128281@c.us","id":"true_77017128281@c.us_3EB034BE3F0D52739269","queueNumber":637}
{"sent":true,"message":"Sent to 77017128281@c.us","id":"true_77017128281@c.us_3EB03F9D0A66D63973AA","queueNumber":638}
{"sent":true,"message":"Sent to 77772727577@c.us","id":"true_77772727577@c.us_3EB071DA2F8DAC464337","queueNumber":639}
{"sent":true,"message":"Sent to 77772727577@c.us","id":"true_77772727577@c.us_3EB032A059369F296430","queueNumber":640}
{"sent":true,"message":"Sent to 77019008815@c.us","id":"true_77019008815@c.us_3EB0FFCADD141F7BC32E","queueNumber":641}
{"sent":true,"message":"Sent to 77019008815@c.us","id":"true_77019008815@c.us_3EB09AB00C13E08EE203","queueNumber":642}
{"sent":true,"message":"Sent to 77777245990@c.us","id":"true_77777245990@c.us_3EB04F26E4BA8D5681C5","queueNumber":643}
{"sent":true,"message":"Sent to 77777245990@c.us","id":"true_77777245990@c.us_3EB0C8D6653D7D874F43","queueNumber":644}
{"sent":true,"message":"Sent to 77078569150@c.us","id":"true_77078569150@c.us_3EB09B2B7CE44B1CC784","queueNumber":645}
{"sent":true,"message":"Sent to 77078569150@c.us","id":"true_77078569150@c.us_3EB076FD588D6903CC27","queueNumber":646}
{"sent":true,"message":"Sent to 77772204518@c.us","id":"true_77772204518@c.us_3EB06604C23F4850FC6B","queueNumber":647}
{"sent":true,"message":"Sent to 77772204518@c.us","id":"true_77772204518@c.us_3EB039DBB46678C763AA","queueNumber":648}
{"sent":true,"message":"Sent to 77785848046@c.us","id":"true_77785848046@c.us_3EB0A2DEAD20373BC048","queueNumber":649}
{"sent":true,"message":"Sent to 77785848046@c.us","id":"true_77785848046@c.us_3EB009DB97E91D320755","queueNumber":650}
{"sent":true,"message":"Sent to 77000202802@c.us","id":"true_77000202802@c.us_3EB0D39E76C1DC9DB20A","queueNumber":651}
{"sent":true,"message":"Sent to 77000202802@c.us","id":"true_77000202802@c.us_3EB0874A051E63EB352F","queueNumber":652}
{"sent":true,"message":"Sent to 77017717139@c.us","id":"true_77017717139@c.us_3EB08E284583433977A2","queueNumber":653}
{"sent":true,"message":"Sent to 77017717139@c.us","id":"true_77017717139@c.us_3EB0D0D151281657FB65","queueNumber":654}
{"sent":true,"message":"Sent to 77022678855@c.us","id":"true_77022678855@c.us_3EB0DE1CB22E65FA0601","queueNumber":655}
{"sent":true,"message":"Sent to 77022678855@c.us","id":"true_77022678855@c.us_3EB0A3C8D71CFA8BA145","queueNumber":656}
{"sent":true,"message":"Sent to 77012330025@c.us","id":"true_77012330025@c.us_3EB06C56341CA18CEF1C","queueNumber":657}
{"sent":true,"message":"Sent to 77012330025@c.us","id":"true_77012330025@c.us_3EB0B0361311AAAC779C","queueNumber":658}
{"sent":true,"message":"Sent to 77015929277@c.us","id":"true_77015929277@c.us_3EB01461CBACE01F7D2A","queueNumber":659}
{"sent":true,"message":"Sent to 77015929277@c.us","id":"true_77015929277@c.us_3EB0EF83D5F014819FF1","queueNumber":660}
{"sent":true,"message":"Sent to 77072335044@c.us","id":"true_77072335044@c.us_3EB068B9B29B6CC70CB4","queueNumber":661}
{"sent":true,"message":"Sent to 77072335044@c.us","id":"true_77072335044@c.us_3EB0CA0937A228428895","queueNumber":662}
{"sent":true,"message":"Sent to 77012064342@c.us","id":"true_77012064342@c.us_3EB0CA53E7B6AB0A446D","queueNumber":663}
{"sent":true,"message":"Sent to 77012064342@c.us","id":"true_77012064342@c.us_3EB07EC8A30BF37D33E1","queueNumber":664}
{"sent":true,"message":"Sent to 77479022220@c.us","id":"true_77479022220@c.us_3EB03CDC2373FE921DB4","queueNumber":665}
{"sent":true,"message":"Sent to 77479022220@c.us","id":"true_77479022220@c.us_3EB032F61C5A0BD3D269","queueNumber":666}
{"sent":true,"message":"Sent to 77074435734@c.us","id":"true_77074435734@c.us_3EB01A86DF5236A7E7AA","queueNumber":667}
{"sent":true,"message":"Sent to 77074435734@c.us","id":"true_77074435734@c.us_3EB0C69E76D32EFF38A5","queueNumber":668}
{"sent":true,"message":"Sent to 77472414396@c.us","id":"true_77472414396@c.us_3EB0121500B145AE0AB3","queueNumber":669}
{"sent":true,"message":"Sent to 77472414396@c.us","id":"true_77472414396@c.us_3EB0D878C2BAD6D005A1","queueNumber":670}
{"sent":true,"message":"Sent to 77058602845@c.us","id":"true_77058602845@c.us_3EB0D0D711DE04D24E4F","queueNumber":671}
{"sent":true,"message":"Sent to 77058602845@c.us","id":"true_77058602845@c.us_3EB099081642DF9DB2D8","queueNumber":672}
{"sent":true,"message":"Sent to 77017217702@c.us","id":"true_77017217702@c.us_3EB0ABE7F43E0B9B35EB","queueNumber":673}
{"sent":true,"message":"Sent to 77017217702@c.us","id":"true_77017217702@c.us_3EB058836D0E88AA6C70","queueNumber":674}
{"sent":true,"message":"Sent to 77772552692@c.us","id":"true_77772552692@c.us_3EB0919416B6785EA7EE","queueNumber":675}
{"sent":true,"message":"Sent to 77772552692@c.us","id":"true_77772552692@c.us_3EB0E1B6BBA2BBB38C8E","queueNumber":676}
{"sent":true,"message":"Sent to 77783138922@c.us","id":"true_77783138922@c.us_3EB0BCA6B8EABAC73907","queueNumber":677}
{"sent":true,"message":"Sent to 77783138922@c.us","id":"true_77783138922@c.us_3EB02BF694B4075D792F","queueNumber":678}
{"sent":true,"message":"Sent to 77017135045@c.us","id":"true_77017135045@c.us_3EB00AD3EDB903CC9400","queueNumber":679}
{"sent":true,"message":"Sent to 77017135045@c.us","id":"true_77017135045@c.us_3EB0238D4DFD02E19ED2","queueNumber":680}
{"sent":true,"message":"Sent to 77071761150@c.us","id":"true_77071761150@c.us_3EB06ED030C92CE18A09","queueNumber":681}
{"sent":true,"message":"Sent to 77071761150@c.us","id":"true_77071761150@c.us_3EB0EB47BB99E90EF9C4","queueNumber":682}
{"sent":true,"message":"Sent to 77017276000@c.us","id":"true_77017276000@c.us_3EB0923CE4FB1E0F42BF","queueNumber":683}
{"sent":true,"message":"Sent to 77017276000@c.us","id":"true_77017276000@c.us_3EB060D90D0A6F00A412","queueNumber":684}
{"sent":true,"message":"Sent to 77017285510@c.us","id":"true_77017285510@c.us_3EB0F0008F1FEF770DED","queueNumber":685}
{"sent":true,"message":"Sent to 77017285510@c.us","id":"true_77017285510@c.us_3EB0C356897B29277AD2","queueNumber":686}
{"sent":true,"message":"Sent to 77017678510@c.us","id":"true_77017678510@c.us_3EB0FF327070040DFE79","queueNumber":687}
{"sent":true,"message":"Sent to 77017678510@c.us","id":"true_77017678510@c.us_3EB00E548AD7EE449CB5","queueNumber":688}
{"sent":true,"message":"Sent to 77019333666@c.us","id":"true_77019333666@c.us_3EB02CC4F991A0431F4C","queueNumber":689}
{"sent":true,"message":"Sent to 77019333666@c.us","id":"true_77019333666@c.us_3EB04F87181F880A2818","queueNumber":690}
{"sent":true,"message":"Sent to 77077836060@c.us","id":"true_77077836060@c.us_3EB0763130D373796588","queueNumber":691}
{"sent":true,"message":"Sent to 77077836060@c.us","id":"true_77077836060@c.us_3EB02C1FAA1F8C0A20B0","queueNumber":692}
{"sent":true,"message":"Sent to 77012921333@c.us","id":"true_77012921333@c.us_3EB0748E90A360539C09","queueNumber":693}
{"sent":true,"message":"Sent to 77012921333@c.us","id":"true_77012921333@c.us_3EB0C821013EEA46BB87","queueNumber":694}
{"sent":true,"message":"Sent to 77472826242@c.us","id":"true_77472826242@c.us_3EB0A2B7F6B52A3C0401","queueNumber":695}
{"sent":true,"message":"Sent to 77472826242@c.us","id":"true_77472826242@c.us_3EB0892240C237C25656","queueNumber":696}
{"sent":true,"message":"Sent to 77476498158@c.us","id":"true_77476498158@c.us_3EB007D197D5B6FC8724","queueNumber":697}
{"sent":true,"message":"Sent to 77476498158@c.us","id":"true_77476498158@c.us_3EB0B2A796C5F6E0F499","queueNumber":698}
{"sent":true,"message":"Sent to 77775727162@c.us","id":"true_77775727162@c.us_3EB0DD2D411DC15F6BD5","queueNumber":699}
{"sent":true,"message":"Sent to 77775727162@c.us","id":"true_77775727162@c.us_3EB0CBA8AFE4BF0992B4","queueNumber":700}
{"sent":true,"message":"Sent to 77018417112@c.us","id":"true_77018417112@c.us_3EB015D443816D80E66F","queueNumber":701}
{"sent":true,"message":"Sent to 77018417112@c.us","id":"true_77018417112@c.us_3EB0FC89C3C415E83F73","queueNumber":702}
{"sent":true,"message":"Sent to 77087707939@c.us","id":"true_77087707939@c.us_3EB0F8967831A19E6248","queueNumber":703}
{"sent":true,"message":"Sent to 77087707939@c.us","id":"true_77087707939@c.us_3EB0299C0617E7FD198A","queueNumber":704}
{"sent":true,"message":"Sent to 77013297079@c.us","id":"true_77013297079@c.us_3EB0A35176CF4B240402","queueNumber":705}
{"sent":true,"message":"Sent to 77013297079@c.us","id":"true_77013297079@c.us_3EB0218C7F26042B4A72","queueNumber":706}
{"sent":true,"message":"Sent to 77015380789@c.us","id":"true_77015380789@c.us_3EB088CA09041CB53798","queueNumber":707}
{"sent":true,"message":"Sent to 77015380789@c.us","id":"true_77015380789@c.us_3EB00E3A2A33D42E0025","queueNumber":708}
{"sent":true,"message":"Sent to 77477425254@c.us","id":"true_77477425254@c.us_3EB0A2976E7286C1D5F4","queueNumber":709}
{"sent":true,"message":"Sent to 77477425254@c.us","id":"true_77477425254@c.us_3EB010AB6C6FE8621191","queueNumber":710}
{"sent":true,"message":"Sent to 77083858892@c.us","id":"true_77083858892@c.us_3EB030364FA59433A86D","queueNumber":711}
{"sent":true,"message":"Sent to 77083858892@c.us","id":"true_77083858892@c.us_3EB080791B368079E9D0","queueNumber":712}
{"sent":true,"message":"Sent to 77023530574@c.us","id":"true_77023530574@c.us_3EB0D68ED84E33EB759D","queueNumber":713}
{"sent":true,"message":"Sent to 77023530574@c.us","id":"true_77023530574@c.us_3EB086A410CF1558E45B","queueNumber":714}
{"sent":true,"message":"Sent to 77753941177@c.us","id":"true_77753941177@c.us_3EB03593E5C5AEE0C5D7","queueNumber":715}
{"sent":true,"message":"Sent to 77753941177@c.us","id":"true_77753941177@c.us_3EB06D7528EC36E206E7","queueNumber":716}
{"sent":true,"message":"Sent to 77775558837@c.us","id":"true_77775558837@c.us_3EB0F40CA8F53C5D6210","queueNumber":717}
{"sent":true,"message":"Sent to 77775558837@c.us","id":"true_77775558837@c.us_3EB0AC344FEDA3BC7E97","queueNumber":718}
{"sent":true,"message":"Sent to 77071891243@c.us","id":"true_77071891243@c.us_3EB0C6DF89E6152DBA49","queueNumber":719}
{"sent":true,"message":"Sent to 77071891243@c.us","id":"true_77071891243@c.us_3EB00AE9BC16A2538861","queueNumber":720}
{"sent":true,"message":"Sent to 77772511028@c.us","id":"true_77772511028@c.us_3EB0798A7F5FD88CBA08","queueNumber":721}
{"sent":true,"message":"Sent to 77772511028@c.us","id":"true_77772511028@c.us_3EB0E11812E98CC663D8","queueNumber":722}
{"sent":true,"message":"Sent to 77015582284@c.us","id":"true_77015582284@c.us_3EB04D33DA0D2B145C4A","queueNumber":723}
{"sent":true,"message":"Sent to 77015582284@c.us","id":"true_77015582284@c.us_3EB0F025E17870CF61D4","queueNumber":724}
{"sent":true,"message":"Sent to 77756611557@c.us","id":"true_77756611557@c.us_3EB09B04F198B2BEBCE1","queueNumber":725}
{"sent":true,"message":"Sent to 77756611557@c.us","id":"true_77756611557@c.us_3EB0B64743812A328B2C","queueNumber":726}
{"sent":true,"message":"Sent to 77077429311@c.us","id":"true_77077429311@c.us_3EB038FFF89B8C8AB6C5","queueNumber":727}
{"sent":true,"message":"Sent to 77077429311@c.us","id":"true_77077429311@c.us_3EB08A5EDA03E7491419","queueNumber":728}
{"sent":true,"message":"Sent to 77004446884@c.us","id":"true_77004446884@c.us_3EB0B2D483A82984552B","queueNumber":729}
{"sent":true,"message":"Sent to 77004446884@c.us","id":"true_77004446884@c.us_3EB0910160CE68217801","queueNumber":730}
{"sent":true,"message":"Sent to 77772381589@c.us","id":"true_77772381589@c.us_3EB09D761A0A54398CE1","queueNumber":731}
{"sent":true,"message":"Sent to 77772381589@c.us","id":"true_77772381589@c.us_3EB0702BCEA72AA3AAEC","queueNumber":732}
{"sent":true,"message":"Sent to 77017280100@c.us","id":"true_77017280100@c.us_3EB0BE5D0BD154CCF55C","queueNumber":733}
{"sent":true,"message":"Sent to 77017280100@c.us","id":"true_77017280100@c.us_3EB0761E4BCF3C77A594","queueNumber":734}
{"sent":true,"message":"Sent to 77772341377@c.us","id":"true_77772341377@c.us_3EB0D18D50C6C01B6013","queueNumber":735}
{"sent":true,"message":"Sent to 77772341377@c.us","id":"true_77772341377@c.us_3EB08B2E9326C286F864","queueNumber":736}
{"sent":true,"message":"Sent to 77017185019@c.us","id":"true_77017185019@c.us_3EB04B87CAB69F1B1D56","queueNumber":737}
{"sent":true,"message":"Sent to 77017185019@c.us","id":"true_77017185019@c.us_3EB0B3A4C7FCADBF8C18","queueNumber":738}
{"sent":true,"message":"Sent to 77773901974@c.us","id":"true_77773901974@c.us_3EB08C1F1B2F6794CBD3","queueNumber":739}
{"sent":true,"message":"Sent to 77773901974@c.us","id":"true_77773901974@c.us_3EB09FC32E689F8DBAC7","queueNumber":740}
{"sent":true,"message":"Sent to 77086566725@c.us","id":"true_77086566725@c.us_3EB0180909EB5916C43B","queueNumber":741}
{"sent":true,"message":"Sent to 77086566725@c.us","id":"true_77086566725@c.us_3EB05D1C041F3FC509C1","queueNumber":742}
{"sent":true,"message":"Sent to 77027415121@c.us","id":"true_77027415121@c.us_3EB0A3C99B6F83542539","queueNumber":743}
{"sent":true,"message":"Sent to 77027415121@c.us","id":"true_77027415121@c.us_3EB02A996B07DC829A61","queueNumber":744}
{"sent":true,"message":"Sent to 77054102322@c.us","id":"true_77054102322@c.us_3EB036A0010BC2E685EA","queueNumber":745}
{"sent":true,"message":"Sent to 77054102322@c.us","id":"true_77054102322@c.us_3EB0F7594F3B926DD18B","queueNumber":746}
{"sent":true,"message":"Sent to 77016069911@c.us","id":"true_77016069911@c.us_3EB03943C68C9981BF06","queueNumber":747}
{"sent":true,"message":"Sent to 77016069911@c.us","id":"true_77016069911@c.us_3EB0440056628D822C30","queueNumber":748}
{"sent":true,"message":"Sent to 77079448524@c.us","id":"true_77079448524@c.us_3EB01699E87AFDF2C5DF","queueNumber":749}
{"sent":true,"message":"Sent to 77079448524@c.us","id":"true_77079448524@c.us_3EB0012A69991A18BA6C","queueNumber":750}
{"sent":true,"message":"Sent to 77057035949@c.us","id":"true_77057035949@c.us_3EB087726072FFE5FC5A","queueNumber":751}
{"sent":true,"message":"Sent to 77057035949@c.us","id":"true_77057035949@c.us_3EB0D0ECD7F1AFCDBD8D","queueNumber":752}
{"sent":true,"message":"Sent to 77471111404@c.us","id":"true_77471111404@c.us_3EB06E0FD356C215C697","queueNumber":753}
{"sent":true,"message":"Sent to 77471111404@c.us","id":"true_77471111404@c.us_3EB0253FF6D67A299D92","queueNumber":754}
{"sent":true,"message":"Sent to 77013785552@c.us","id":"true_77013785552@c.us_3EB0E383BC3585B04E4A","queueNumber":755}
{"sent":true,"message":"Sent to 77013785552@c.us","id":"true_77013785552@c.us_3EB0458D059D5F9450DE","queueNumber":756}
{"sent":true,"message":"Sent to 77017205487@c.us","id":"true_77017205487@c.us_3EB0D0B918213CB8844E","queueNumber":757}
{"sent":true,"message":"Sent to 77017205487@c.us","id":"true_77017205487@c.us_3EB0F28AC95952183F0D","queueNumber":758}
{"sent":true,"message":"Sent to 77771999599@c.us","id":"true_77771999599@c.us_3EB0EB02FFD60F9C9575","queueNumber":759}
{"sent":true,"message":"Sent to 77771999599@c.us","id":"true_77771999599@c.us_3EB05F4556AC04B92D1A","queueNumber":760}
{"sent":true,"message":"Sent to 77778476178@c.us","id":"true_77778476178@c.us_3EB04DD26B1EEB24FAE0","queueNumber":761}
{"sent":true,"message":"Sent to 77778476178@c.us","id":"true_77778476178@c.us_3EB0934D2D0B3E2411D6","queueNumber":762}
{"sent":true,"message":"Sent to 77017891999@c.us","id":"true_77017891999@c.us_3EB07D9544C17B7C8427","queueNumber":763}
{"sent":true,"message":"Sent to 77017891999@c.us","id":"true_77017891999@c.us_3EB0E092C4B2C2A55D22","queueNumber":764}
{"sent":true,"message":"Sent to 77758178320@c.us","id":"true_77758178320@c.us_3EB0AEC8DF9054FD00DA","queueNumber":765}
{"sent":true,"message":"Sent to 77758178320@c.us","id":"true_77758178320@c.us_3EB0076185708D953CE9","queueNumber":766}
{"sent":true,"message":"Sent to 77078374525@c.us","id":"true_77078374525@c.us_3EB038DF94542FA11F76","queueNumber":767}
{"sent":true,"message":"Sent to 77078374525@c.us","id":"true_77078374525@c.us_3EB0F48CE7E9F78C963A","queueNumber":768}
{"sent":true,"message":"Sent to 77078372510@c.us","id":"true_77078372510@c.us_3EB0AA66376346BA5DDD","queueNumber":769}
{"sent":true,"message":"Sent to 77078372510@c.us","id":"true_77078372510@c.us_3EB0FA9C0B446D3AAA4D","queueNumber":770}
{"sent":true,"message":"Sent to 77022150237@c.us","id":"true_77022150237@c.us_3EB0CF6222EABA00E4ED","queueNumber":771}
{"sent":true,"message":"Sent to 77022150237@c.us","id":"true_77022150237@c.us_3EB084FF010745B3547E","queueNumber":772}
{"sent":true,"message":"Sent to 77755088440@c.us","id":"true_77755088440@c.us_3EB06CDA11DB1ED9CD0B","queueNumber":773}
{"sent":true,"message":"Sent to 77755088440@c.us","id":"true_77755088440@c.us_3EB0E747AFC5F12B5AE2","queueNumber":774}
{"sent":true,"message":"Sent to 77772518040@c.us","id":"true_77772518040@c.us_3EB04B796AC7DEF9C28E","queueNumber":775}
{"sent":true,"message":"Sent to 77772518040@c.us","id":"true_77772518040@c.us_3EB088D6F6924A2E1553","queueNumber":776}
{"sent":true,"message":"Sent to 77770148053@c.us","id":"true_77770148053@c.us_3EB04C294EF8907464AD","queueNumber":777}
{"sent":true,"message":"Sent to 77770148053@c.us","id":"true_77770148053@c.us_3EB0AB16D5EB41632B88","queueNumber":778}
{"sent":true,"message":"Sent to 77087545698@c.us","id":"true_77087545698@c.us_3EB09357D9C69845A223","queueNumber":779}
{"sent":true,"message":"Sent to 77087545698@c.us","id":"true_77087545698@c.us_3EB0F7234712F2FF13D8","queueNumber":780}
{"sent":true,"message":"Sent to 77073318835@c.us","id":"true_77073318835@c.us_3EB03CE2702AEFA34878","queueNumber":781}
{"sent":true,"message":"Sent to 77073318835@c.us","id":"true_77073318835@c.us_3EB0E320288E1915FA74","queueNumber":782}
{"sent":true,"message":"Sent to 77017630836@c.us","id":"true_77017630836@c.us_3EB0030008D05FF6EDEA","queueNumber":783}
{"sent":true,"message":"Sent to 77017630836@c.us","id":"true_77017630836@c.us_3EB04B8890A6AF949F4D","queueNumber":784}
{"sent":true,"message":"Sent to 77772760044@c.us","id":"true_77772760044@c.us_3EB0F573EEC8C75E67FF","queueNumber":785}
{"sent":true,"message":"Sent to 77772760044@c.us","id":"true_77772760044@c.us_3EB02912F4D5E2A9DA01","queueNumber":786}
{"sent":true,"message":"Sent to 77474262926@c.us","id":"true_77474262926@c.us_3EB0F72F140281B26129","queueNumber":787}
{"sent":true,"message":"Sent to 77474262926@c.us","id":"true_77474262926@c.us_3EB013F542C75370623B","queueNumber":788}
{"sent":true,"message":"Sent to 77089618766@c.us","id":"true_77089618766@c.us_3EB0A4E6AE5F70560586","queueNumber":789}
{"sent":true,"message":"Sent to 77089618766@c.us","id":"true_77089618766@c.us_3EB0239D9E0595354CED","queueNumber":790}
{"sent":true,"message":"Sent to 77013744040@c.us","id":"true_77013744040@c.us_3EB018B60F24D0BA8294","queueNumber":791}
{"sent":true,"message":"Sent to 77013744040@c.us","id":"true_77013744040@c.us_3EB0437BB02C43270D49","queueNumber":792}
{"sent":true,"message":"Sent to 77028000600@c.us","id":"true_77028000600@c.us_3EB057A966CC3662FFC8","queueNumber":793}
{"sent":true,"message":"Sent to 77028000600@c.us","id":"true_77028000600@c.us_3EB0AF0380C278413E80","queueNumber":794}
{"sent":true,"message":"Sent to 77781008113@c.us","id":"true_77781008113@c.us_3EB07EBD813BB781A4FC","queueNumber":795}
{"sent":true,"message":"Sent to 77781008113@c.us","id":"true_77781008113@c.us_3EB0597A7980793B044D","queueNumber":796}
{"sent":true,"message":"Sent to 79270069145@c.us","id":"true_79270069145@c.us_3EB01F4729FD659C8A02","queueNumber":797}
{"sent":true,"message":"Sent to 79270069145@c.us","id":"true_79270069145@c.us_3EB057A85B6646EFD52E","queueNumber":798}
{"sent":true,"message":"Sent to 77775907060@c.us","id":"true_77775907060@c.us_3EB03FD1A63DE6C164A1","queueNumber":799}
{"sent":true,"message":"Sent to 77775907060@c.us","id":"true_77775907060@c.us_3EB0E8C6C0787874386A","queueNumber":800}
{"sent":true,"message":"Sent to 77073954450@c.us","id":"true_77073954450@c.us_3EB08D62E4078A98451C","queueNumber":801}
{"sent":true,"message":"Sent to 77073954450@c.us","id":"true_77073954450@c.us_3EB01241F6AD774EB5EB","queueNumber":802}
{"sent":true,"message":"Sent to 77778162006@c.us","id":"true_77778162006@c.us_3EB00FE104DAAAD6CA30","queueNumber":803}
{"sent":true,"message":"Sent to 77778162006@c.us","id":"true_77778162006@c.us_3EB0754C604074FA202B","queueNumber":804}
{"sent":true,"message":"Sent to 77475566723@c.us","id":"true_77475566723@c.us_3EB0454CEEB2EAD62C51","queueNumber":805}
{"sent":true,"message":"Sent to 77475566723@c.us","id":"true_77475566723@c.us_3EB06102021C97F98BD2","queueNumber":806}
{"sent":true,"message":"Sent to 77075157207@c.us","id":"true_77075157207@c.us_3EB0FB0D56B362A75782","queueNumber":807}
{"sent":true,"message":"Sent to 77075157207@c.us","id":"true_77075157207@c.us_3EB0D1FB0DAA6820FFE8","queueNumber":808}
{"sent":true,"message":"Sent to 77024440444@c.us","id":"true_77024440444@c.us_3EB003AC709321330FFD","queueNumber":809}
{"sent":true,"message":"Sent to 77024440444@c.us","id":"true_77024440444@c.us_3EB00DA19992B84DD03C","queueNumber":810}
{"sent":true,"message":"Sent to 77025271111@c.us","id":"true_77025271111@c.us_3EB0D2501140F8B0C783","queueNumber":811}
{"sent":true,"message":"Sent to 77025271111@c.us","id":"true_77025271111@c.us_3EB0C25AB4C81DC397F7","queueNumber":812}
{"sent":true,"message":"Sent to 77478025886@c.us","id":"true_77478025886@c.us_3EB0B8D217AB9D159DDB","queueNumber":813}
{"sent":true,"message":"Sent to 77478025886@c.us","id":"true_77478025886@c.us_3EB00909AADFF13FF47F","queueNumber":814}
{"sent":true,"message":"Sent to 77059725113@c.us","id":"true_77059725113@c.us_3EB0DFAD557F80E47E5A","queueNumber":815}
{"sent":true,"message":"Sent to 77059725113@c.us","id":"true_77059725113@c.us_3EB019E9375706D0A1C1","queueNumber":816}
{"sent":true,"message":"Sent to 77782674277@c.us","id":"true_77782674277@c.us_3EB031E92D79D0B500F2","queueNumber":817}
{"sent":true,"message":"Sent to 77782674277@c.us","id":"true_77782674277@c.us_3EB0739726E82CD35971","queueNumber":818}
{"sent":true,"message":"Sent to 77073252909@c.us","id":"true_77073252909@c.us_3EB0F0F898F383E3DBB8","queueNumber":819}
{"sent":true,"message":"Sent to 77073252909@c.us","id":"true_77073252909@c.us_3EB0038E054767F4FABD","queueNumber":820}
{"sent":true,"message":"Sent to 77055550050@c.us","id":"true_77055550050@c.us_3EB0C5935AECE2A33E67","queueNumber":821}
{"sent":true,"message":"Sent to 77055550050@c.us","id":"true_77055550050@c.us_3EB02A9F55BCE1BC1B62","queueNumber":822}
{"sent":true,"message":"Sent to 77013724469@c.us","id":"true_77013724469@c.us_3EB0371D7DCCA77BF58F","queueNumber":823}
{"sent":true,"message":"Sent to 77013724469@c.us","id":"true_77013724469@c.us_3EB07D1981BDD8AB97CE","queueNumber":824}
{"sent":true,"message":"Sent to 77026558589@c.us","id":"true_77026558589@c.us_3EB078BAAA1988CFCFA0","queueNumber":825}
{"sent":true,"message":"Sent to 77026558589@c.us","id":"true_77026558589@c.us_3EB0CAEEAEB271C0CBAC","queueNumber":826}
{"sent":true,"message":"Sent to 77776771593@c.us","id":"true_77776771593@c.us_3EB0C90FBF29781164EB","queueNumber":827}
{"sent":true,"message":"Sent to 77776771593@c.us","id":"true_77776771593@c.us_3EB05F3D69F26BA7BC57","queueNumber":828}
{"sent":true,"message":"Sent to 77012545995@c.us","id":"true_77012545995@c.us_3EB0169438B0A6CB62EF","queueNumber":829}
{"sent":true,"message":"Sent to 77012545995@c.us","id":"true_77012545995@c.us_3EB00DD8E907249C1D91","queueNumber":830}
{"sent":true,"message":"Sent to 77059901099@c.us","id":"true_77059901099@c.us_3EB0C6D65D734E72A27E","queueNumber":831}
{"sent":true,"message":"Sent to 77059901099@c.us","id":"true_77059901099@c.us_3EB095FB4E99BECCAF33","queueNumber":832}
{"sent":true,"message":"Sent to 77075650565@c.us","id":"true_77075650565@c.us_3EB06151FFEFD1B2B803","queueNumber":833}
{"sent":true,"message":"Sent to 77075650565@c.us","id":"true_77075650565@c.us_3EB0F01E1EF09B90151C","queueNumber":834}
{"sent":true,"message":"Sent to 77752455565@c.us","id":"true_77752455565@c.us_3EB02104DEC9E4B83983","queueNumber":835}
{"sent":true,"message":"Sent to 77752455565@c.us","id":"true_77752455565@c.us_3EB0F802848B869048A7","queueNumber":836}
{"sent":true,"message":"Sent to 77075850105@c.us","id":"true_77075850105@c.us_3EB07B4B63E64AFD79EC","queueNumber":837}
{"sent":true,"message":"Sent to 77075850105@c.us","id":"true_77075850105@c.us_3EB0825E81659B05A8D5","queueNumber":838}
{"sent":true,"message":"Sent to 77788844678@c.us","id":"true_77788844678@c.us_3EB0AE31349FC826E1FF","queueNumber":839}
{"sent":true,"message":"Sent to 77788844678@c.us","id":"true_77788844678@c.us_3EB08FACF635FD65CDAF","queueNumber":840}
{"sent":true,"message":"Sent to 77071717923@c.us","id":"true_77071717923@c.us_3EB085E726A06E226C72","queueNumber":841}
{"sent":true,"message":"Sent to 77071717923@c.us","id":"true_77071717923@c.us_3EB096FA29B612D0CDD0","queueNumber":842}
{"sent":true,"message":"Sent to 77071710077@c.us","id":"true_77071710077@c.us_3EB0656836EC5B73A323","queueNumber":843}
{"sent":true,"message":"Sent to 77071710077@c.us","id":"true_77071710077@c.us_3EB0825E297316F664DE","queueNumber":844}
{"sent":true,"message":"Sent to 77017380788@c.us","id":"true_77017380788@c.us_3EB0FAA304D4A17B7D85","queueNumber":845}
{"sent":true,"message":"Sent to 77017380788@c.us","id":"true_77017380788@c.us_3EB0D2820F66A0D6CCF6","queueNumber":846}
{"sent":true,"message":"Sent to 77013297058@c.us","id":"true_77013297058@c.us_3EB0DC8C0DB2638378DA","queueNumber":847}
{"sent":true,"message":"Sent to 77013297058@c.us","id":"true_77013297058@c.us_3EB07E9BDF9F396123D3","queueNumber":848}
{"sent":true,"message":"Sent to 77017206685@c.us","id":"true_77017206685@c.us_3EB0B1ADE1183D58DF6C","queueNumber":849}
{"sent":true,"message":"Sent to 77017206685@c.us","id":"true_77017206685@c.us_3EB07AD39F2A3FDA1C6A","queueNumber":850}
{"sent":true,"message":"Sent to 77077471666@c.us","id":"true_77077471666@c.us_3EB058BC3FCC26DADF7C","queueNumber":851}
{"sent":true,"message":"Sent to 77077471666@c.us","id":"true_77077471666@c.us_3EB0202F0D49F72C60E7","queueNumber":852}
{"sent":true,"message":"Sent to 77017788339@c.us","id":"true_77017788339@c.us_3EB03D4632F87ECB8645","queueNumber":853}
{"sent":true,"message":"Sent to 77017788339@c.us","id":"true_77017788339@c.us_3EB0E8B1FA811A7F5D16","queueNumber":854}
{"sent":true,"message":"Sent to 77089474217@c.us","id":"true_77089474217@c.us_3EB06D0F57AF775CA4EF","queueNumber":855}
{"sent":true,"message":"Sent to 77089474217@c.us","id":"true_77089474217@c.us_3EB0F5CBF84661AE4640","queueNumber":856}
{"sent":true,"message":"Sent to 77756519909@c.us","id":"true_77756519909@c.us_3EB00993D9C89B0FB537","queueNumber":857}
{"sent":true,"message":"Sent to 77756519909@c.us","id":"true_77756519909@c.us_3EB09783608D2E11134F","queueNumber":858}
{"sent":true,"message":"Sent to 77012133737@c.us","id":"true_77012133737@c.us_3EB0197107C9C85E053D","queueNumber":859}
{"sent":true,"message":"Sent to 77012133737@c.us","id":"true_77012133737@c.us_3EB08122E6C3842D797F","queueNumber":860}
{"sent":true,"message":"Sent to 77010342790@c.us","id":"true_77010342790@c.us_3EB0F139685FD7930AC2","queueNumber":861}
{"sent":true,"message":"Sent to 77010342790@c.us","id":"true_77010342790@c.us_3EB05547C6613E8950FC","queueNumber":862}
{"sent":true,"message":"Sent to 77478912089@c.us","id":"true_77478912089@c.us_3EB0A130508F68F3923C","queueNumber":863}
{"sent":true,"message":"Sent to 77478912089@c.us","id":"true_77478912089@c.us_3EB0A0508F33F44AB3A1","queueNumber":864}
{"sent":true,"message":"Sent to 77080505634@c.us","id":"true_77080505634@c.us_3EB0A14CF7FE03A60305","queueNumber":865}
{"sent":true,"message":"Sent to 77080505634@c.us","id":"true_77080505634@c.us_3EB020451D842914A02E","queueNumber":866}
{"sent":true,"message":"Sent to 77758694000@c.us","id":"true_77758694000@c.us_3EB0761162C320BD0310","queueNumber":3197}
{"sent":true,"message":"Sent to 77758694000@c.us","id":"true_77758694000@c.us_3EB0AB3518BBEDC50385","queueNumber":3198}
{"sent":true,"message":"Sent to 77024247177@c.us","id":"true_77024247177@c.us_3EB03D73F7D4F1A8A598","queueNumber":3199}
{"sent":true,"message":"Sent to 77024247177@c.us","id":"true_77024247177@c.us_3EB0E4741A50B45C4F1A","queueNumber":3200}
{"sent":true,"message":"Sent to 77773831674@c.us","id":"true_77773831674@c.us_3EB027373B00E3DA478B","queueNumber":3201}
{"sent":true,"message":"Sent to 77773831674@c.us","id":"true_77773831674@c.us_3EB05B7CB3258497B23B","queueNumber":3202}
{"sent":true,"message":"Sent to 77010144807@c.us","id":"true_77010144807@c.us_3EB0A1622D2A87FE31D7","queueNumber":3203}
{"sent":true,"message":"Sent to 77010144807@c.us","id":"true_77010144807@c.us_3EB0C8D46C332C1D552B","queueNumber":3204}
{"sent":true,"message":"Sent to 77017181234@c.us","id":"true_77017181234@c.us_3EB05BE5FC729910D899","queueNumber":3205}
{"sent":true,"message":"Sent to 77017181234@c.us","id":"true_77017181234@c.us_3EB08FCD244640C0232B","queueNumber":3206}
{"sent":true,"message":"Sent to 77016888212@c.us","id":"true_77016888212@c.us_3EB066F64C9C5C68DD32","queueNumber":3207}
{"sent":true,"message":"Sent to 77016888212@c.us","id":"true_77016888212@c.us_3EB0FCA8BB3138DE7491","queueNumber":3208}
{"sent":true,"message":"Sent to 77017150565@c.us","id":"true_77017150565@c.us_3EB0447071EAD69218D1","queueNumber":3209}
{"sent":true,"message":"Sent to 77017150565@c.us","id":"true_77017150565@c.us_3EB09B748F2E030879C5","queueNumber":3210}
{"sent":true,"message":"Sent to 77015778979@c.us","id":"true_77015778979@c.us_3EB026AF6BD76D0EE1FF","queueNumber":3211}
{"sent":true,"message":"Sent to 77015778979@c.us","id":"true_77015778979@c.us_3EB046BF68D5E4D053AD","queueNumber":3212}
{"sent":true,"message":"Sent to 77778345500@c.us","id":"true_77778345500@c.us_3EB0E94D503AD345D2E7","queueNumber":3213}
{"sent":true,"message":"Sent to 77778345500@c.us","id":"true_77778345500@c.us_3EB00C5E2941D9AEDC0B","queueNumber":3214}
{"sent":true,"message":"Sent to 77017119908@c.us","id":"true_77017119908@c.us_3EB0D514714FEA9E9896","queueNumber":3215}
{"sent":true,"message":"Sent to 77017119908@c.us","id":"true_77017119908@c.us_3EB0E1304C3CC5B9B2A1","queueNumber":3216}
{"sent":true,"message":"Sent to 77012227220@c.us","id":"true_77012227220@c.us_3EB0D3B1A6D62D0C3036","queueNumber":3217}
{"sent":true,"message":"Sent to 77012227220@c.us","id":"true_77012227220@c.us_3EB03B0835A120C36CDB","queueNumber":3218}
{"sent":true,"message":"Sent to 77780413813@c.us","id":"true_77780413813@c.us_3EB0A8FF44F49CCBCE9C","queueNumber":3219}
{"sent":true,"message":"Sent to 77780413813@c.us","id":"true_77780413813@c.us_3EB05AA10D464B3B37B9","queueNumber":3220}
{"sent":true,"message":"Sent to 77021198317@c.us","id":"true_77021198317@c.us_3EB0534F6E09C98C04EB","queueNumber":3221}
{"sent":true,"message":"Sent to 77021198317@c.us","id":"true_77021198317@c.us_3EB0B9C1CA6772954DD0","queueNumber":3222}
{"sent":true,"message":"Sent to 77017128281@c.us","id":"true_77017128281@c.us_3EB0E2D7B96241D48ED6","queueNumber":3223}
{"sent":true,"message":"Sent to 77017128281@c.us","id":"true_77017128281@c.us_3EB0196CDB753EDB6007","queueNumber":3224}
{"sent":true,"message":"Sent to 77772727577@c.us","id":"true_77772727577@c.us_3EB0C7CF148A17726FE9","queueNumber":3225}
{"sent":true,"message":"Sent to 77772727577@c.us","id":"true_77772727577@c.us_3EB01E5675F40726639A","queueNumber":3226}
{"sent":true,"message":"Sent to 77019008815@c.us","id":"true_77019008815@c.us_3EB02940594973F87E5A","queueNumber":3227}
{"sent":true,"message":"Sent to 77019008815@c.us","id":"true_77019008815@c.us_3EB0F92BE40C1F821EAF","queueNumber":3228}
{"sent":true,"message":"Sent to 77777245990@c.us","id":"true_77777245990@c.us_3EB0C06C7BF270743CD8","queueNumber":3229}
{"sent":true,"message":"Sent to 77777245990@c.us","id":"true_77777245990@c.us_3EB0663AB7A1D68FFADD","queueNumber":3230}
{"sent":true,"message":"Sent to 77080505634@c.us","id":"true_77080505634@c.us_3EB011AE5EF92E020193","queueNumber":3231}
{"sent":true,"message":"Sent to 77078569150@c.us","id":"true_77078569150@c.us_3EB0DA08C0D29FF67082","queueNumber":3232}
{"sent":true,"message":"Sent to 77080505634@c.us","id":"true_77080505634@c.us_3EB05C06471CE4963960","queueNumber":3233}
{"sent":true,"message":"Sent to 77078569150@c.us","id":"true_77078569150@c.us_3EB0802EECCD87B20107","queueNumber":3234}
{"sent":true,"message":"Sent to 77772204518@c.us","id":"true_77772204518@c.us_3EB0AE850C92C84895CB","queueNumber":3235}
{"sent":true,"message":"Sent to 77772204518@c.us","id":"true_77772204518@c.us_3EB04851FE45F65F5806","queueNumber":3236}
{"sent":true,"message":"Sent to 77785848046@c.us","id":"true_77785848046@c.us_3EB0D713F1D9BB30CFF4","queueNumber":3237}
{"sent":true,"message":"Sent to 77785848046@c.us","id":"true_77785848046@c.us_3EB0411A8A8CC7183A49","queueNumber":3238}
{"sent":true,"message":"Sent to 77000202802@c.us","id":"true_77000202802@c.us_3EB05A9CF541DB5D5A35","queueNumber":3239}
{"sent":true,"message":"Sent to 77000202802@c.us","id":"true_77000202802@c.us_3EB0DA3E971DCB624F22","queueNumber":3240}
{"sent":true,"message":"Sent to 77080505634@c.us","id":"true_77080505634@c.us_3EB0EF1D1361C5EE80AC","queueNumber":3241}
{"sent":true,"message":"Sent to 77080505634@c.us","id":"true_77080505634@c.us_3EB04B22C8758FC43F8D","queueNumber":3242}
{"sent":true,"message":"Sent to 77080505634@c.us","id":"true_77080505634@c.us_3EB07AA258B9B908BFCA","queueNumber":3243}
{"sent":true,"message":"Sent to 77080505634@c.us","id":"true_77080505634@c.us_3EB01F8FD7B2280BABB9","queueNumber":3244}
{"sent":true,"message":"Sent to 77080505634@c.us","id":"true_77080505634@c.us_3EB0F3F4F9571C4465F1","queueNumber":3245}
{"sent":true,"message":"Sent to 77080505634@c.us","id":"true_77080505634@c.us_3EB0EAEBA275A5EC9C46","queueNumber":3246}
{"sent":true,"message":"Sent to 77080505634@c.us","id":"true_77080505634@c.us_3EB045EAD064DFD18503","queueNumber":3247}
{"sent":true,"message":"Sent to 77080505634@c.us","id":"true_77080505634@c.us_3EB0D8056C2CB28C953D","queueNumber":3248}
{"sent":true,"message":"Sent to 77080505634@c.us","id":"true_77080505634@c.us_3EB087FE3602F1C63A66","queueNumber":3249}
{"sent":true,"message":"Sent to 77080505634@c.us","id":"true_77080505634@c.us_3EB0D6561BB792E09282","queueNumber":3250}
{"sent":true,"message":"Sent to 77071023494@c.us","id":"true_77071023494@c.us_3EB0494D681BD0C2A5C4","queueNumber":3252}
{"sent":true,"message":"Sent to 77775850000@c.us","id":"true_77775850000@c.us_3EB05BF78597E262A5A8","queueNumber":3253}
{"sent":true,"message":"Sent to 77784879877@c.us","id":"true_77784879877@c.us_3EB05736A2AADBA89FA2","queueNumber":3254}
{"sent":true,"message":"Sent to 77017954543@c.us","id":"true_77017954543@c.us_3EB032A777ADE3071767","queueNumber":3255}
{"sent":true,"message":"Sent to 77073873887@c.us","id":"true_77073873887@c.us_3EB01E0E8874379E6630","queueNumber":3256}
{"sent":true,"message":"Sent to 77772885521@c.us","id":"true_77772885521@c.us_3EB020F2DCBE585DBC57","queueNumber":3257}
{"sent":true,"message":"Sent to 77017074631@c.us","id":"true_77017074631@c.us_3EB093BB4F1AC738C7C4","queueNumber":3258}
{"sent":true,"message":"Sent to 77715524361@c.us","id":"true_77715524361@c.us_3EB034244A4987E8E0A7","queueNumber":3259}
{"sent":true,"message":"Sent to 77472370770@c.us","id":"true_77472370770@c.us_3EB00C8A3691DA2E0FE8","queueNumber":3260}
{"sent":true,"message":"Sent to 77083911269@c.us","id":"true_77083911269@c.us_3EB0562A7931D94BB8E2","queueNumber":3261}
{"sent":true,"message":"Sent to 77779565522@c.us","id":"true_77779565522@c.us_3EB0166CCEBBB55124CA","queueNumber":3262}
{"sent":true,"message":"Sent to 77774898864@c.us","id":"true_77774898864@c.us_3EB09C28A3E1A5F55DBC","queueNumber":3263}
{"sent":true,"message":"Sent to 77012996490@c.us","id":"true_77012996490@c.us_3EB0C9CFF6DE25DDCD96","queueNumber":3264}
{"sent":true,"message":"Sent to 77019718496@c.us","id":"true_77019718496@c.us_3EB03F69863C0DAAE5CB","queueNumber":3265}
{"sent":true,"message":"Sent to 77072591829@c.us","id":"true_77072591829@c.us_3EB051C65CA95A536DF6","queueNumber":3266}
{"sent":true,"message":"Sent to 77056108486@c.us","id":"true_77056108486@c.us_3EB0D38202CFCE6B4247","queueNumber":3267}
{"sent":true,"message":"Sent to 77017567265@c.us","id":"true_77017567265@c.us_3EB08C825C9EE3DC182E","queueNumber":3268}
{"sent":true,"message":"Sent to 77071070907@c.us","id":"true_77071070907@c.us_3EB07AA26EA9113AA5A8","queueNumber":3269}
{"sent":true,"message":"Sent to 77053356335@c.us","id":"true_77053356335@c.us_3EB0AC2B5B63065A4745","queueNumber":3270}
{"sent":true,"message":"Sent to 77772221236@c.us","id":"true_77772221236@c.us_3EB0ABB0908FEB57A108","queueNumber":3271}
{"sent":true,"message":"Sent to 77778582680@c.us","id":"true_77778582680@c.us_3EB0328FC79415624190","queueNumber":3272}
{"sent":true,"message":"Sent to 77019640980@c.us","id":"true_77019640980@c.us_3EB05797B7AC5A31B79B","queueNumber":3273}
{"sent":true,"message":"Sent to 77019960239@c.us","id":"true_77019960239@c.us_3EB01A3CCCB110CE0DA6","queueNumber":3274}
{"sent":true,"message":"Sent to 77075555133@c.us","id":"true_77075555133@c.us_3EB0EE1D1F69042FD981","queueNumber":3275}
{"sent":true,"message":"Sent to 77772732549@c.us","id":"true_77772732549@c.us_3EB068B39D55C7565A5A","queueNumber":3276}
{"sent":true,"message":"Sent to 77017776472@c.us","id":"true_77017776472@c.us_3EB090292C10B8D3EE8B","queueNumber":3277}
{"sent":true,"message":"Sent to 77755111011@c.us","id":"true_77755111011@c.us_3EB064CA2AB68F037D95","queueNumber":3278}
{"sent":true,"message":"Sent to 77074446529@c.us","id":"true_77074446529@c.us_3EB0E4EFCA6489342E9E","queueNumber":3279}
{"sent":true,"message":"Sent to 77017880130@c.us","id":"true_77017880130@c.us_3EB054BF8475AFBF78AE","queueNumber":3280}
{"sent":true,"message":"Sent to 77017663773@c.us","id":"true_77017663773@c.us_3EB0D80B6121990FB30E","queueNumber":3281}
{"sent":true,"message":"Sent to 77017173335@c.us","id":"true_77017173335@c.us_3EB004651526C4609912","queueNumber":3282}
{"sent":true,"message":"Sent to 77775371116@c.us","id":"true_77775371116@c.us_3EB0884A659CBD5BAE29","queueNumber":3283}
{"sent":true,"message":"Sent to 77777148493@c.us","id":"true_77777148493@c.us_3EB005910024F831BFEF","queueNumber":3284}
{"sent":true,"message":"Sent to 77017873910@c.us","id":"true_77017873910@c.us_3EB06E9301C7D412614D","queueNumber":3285}
{"sent":true,"message":"Sent to 77058405733@c.us","id":"true_77058405733@c.us_3EB0901FA848DBE5D79A","queueNumber":3286}
{"sent":true,"message":"Sent to 77028216888@c.us","id":"true_77028216888@c.us_3EB022D327F13C44D128","queueNumber":3287}
{"sent":true,"message":"Sent to 77013988887@c.us","id":"true_77013988887@c.us_3EB01729833B09B3ADC5","queueNumber":3288}
{"sent":true,"message":"Sent to 77018775000@c.us","id":"true_77018775000@c.us_3EB038A25FBC075AFCF3","queueNumber":3289}
{"sent":true,"message":"Sent to 77017707020@c.us","id":"true_77017707020@c.us_3EB040B22D4BE92E4531","queueNumber":3290}
{"sent":true,"message":"Sent to 77017678510@c.us","id":"true_77017678510@c.us_3EB0019ACCF244F9337E","queueNumber":3291}
{"sent":true,"message":"Sent to 77027874442@c.us","id":"true_77027874442@c.us_3EB0DCED29D6B41BA167","queueNumber":3292}
{"sent":true,"message":"Sent to 77770552125@c.us","id":"true_77770552125@c.us_3EB0E3F86708C0E3A797","queueNumber":3293}
{"sent":true,"message":"Sent to 77004181656@c.us","id":"true_77004181656@c.us_3EB025273394556AEFAA","queueNumber":3294}
{"sent":true,"message":"Sent to 77072248982@c.us","id":"true_77072248982@c.us_3EB099D96665EF48343B","queueNumber":3295}
{"sent":true,"message":"Sent to 77016326731@c.us","id":"true_77016326731@c.us_3EB0A50342225D377A5E","queueNumber":3296}
{"sent":true,"message":"Sent to 77074280836@c.us","id":"true_77074280836@c.us_3EB08E5F92158724813E","queueNumber":3297}
{"sent":true,"message":"Sent to 77074651031@c.us","id":"true_77074651031@c.us_3EB0ED0FEEB50AC5B451","queueNumber":3298}
{"sent":true,"message":"Sent to 77017452505@c.us","id":"true_77017452505@c.us_3EB0B32818D460EECD34","queueNumber":3299}
{"sent":true,"message":"Sent to 77017952521@c.us","id":"true_77017952521@c.us_3EB093D7174B6329C033","queueNumber":3300}
{"sent":true,"message":"Sent to 77777770305@c.us","id":"true_77777770305@c.us_3EB0EC1D0088DA7314EA","queueNumber":3301}
{"sent":true,"message":"Sent to 77018946743@c.us","id":"true_77018946743@c.us_3EB0431C8F4827F5882B","queueNumber":3302}
{"sent":true,"message":"Sent to 77051617426@c.us","id":"true_77051617426@c.us_3EB08A4C36AA91BE4155","queueNumber":3303}
{"sent":true,"message":"Sent to 77773533583@c.us","id":"true_77773533583@c.us_3EB0E9F02035E5E0CB88","queueNumber":3304}
{"sent":true,"message":"Sent to 77015780987@c.us","id":"true_77015780987@c.us_3EB049FDA16F0A9C924A","queueNumber":3305}
{"sent":true,"message":"Sent to 77054405270@c.us","id":"true_77054405270@c.us_3EB046813DCD4E3446CA","queueNumber":3306}
{"sent":true,"message":"Sent to 77076154754@c.us","id":"true_77076154754@c.us_3EB0301682EE8DBF1CDE","queueNumber":3307}
{"sent":true,"message":"Sent to 77755965296@c.us","id":"true_77755965296@c.us_3EB0BEE5EA9E7559E73E","queueNumber":3308}
{"sent":true,"message":"Sent to 77071659007@c.us","id":"true_77071659007@c.us_3EB0CA7B3107DAEEB0DB","queueNumber":3309}
{"sent":true,"message":"Sent to 77017890020@c.us","id":"true_77017890020@c.us_3EB040CA0CDF5166539E","queueNumber":3310}
{"sent":true,"message":"Sent to 77710567003@c.us","id":"true_77710567003@c.us_3EB02712AB117E2DF87B","queueNumber":3311}
{"sent":true,"message":"Sent to 77055556672@c.us","id":"true_77055556672@c.us_3EB01298E578B37C3007","queueNumber":3312}
{"sent":true,"message":"Sent to 77029076371@c.us","id":"true_77029076371@c.us_3EB036439C0989C772CB","queueNumber":3313}
{"sent":true,"message":"Sent to 77717537008@c.us","id":"true_77717537008@c.us_3EB0A777B6FAE107B33F","queueNumber":3314}
{"sent":true,"message":"Sent to 77075167555@c.us","id":"true_77075167555@c.us_3EB08F802646349E640A","queueNumber":3315}
{"sent":true,"message":"Sent to 77074373356@c.us","id":"true_77074373356@c.us_3EB05DC178D2929EFBE9","queueNumber":3316}
{"sent":true,"message":"Sent to 77013964736@c.us","id":"true_77013964736@c.us_3EB0095FDF86D1176460","queueNumber":3317}
{"sent":true,"message":"Sent to 77788007734@c.us","id":"true_77788007734@c.us_3EB02E4173802FE373DA","queueNumber":3318}
{"sent":true,"message":"Sent to 77023309999@c.us","id":"true_77023309999@c.us_3EB0CB0CEAC8BCBDA07F","queueNumber":3319}
{"sent":true,"message":"Sent to 77759367288@c.us","id":"true_77759367288@c.us_3EB003E8918C4BAEBEEC","queueNumber":3320}
{"sent":true,"message":"Sent to 77023309999@c.us","id":"true_77023309999@c.us_3EB0C1A84B0028B644AC","queueNumber":3321}
{"sent":true,"message":"Sent to 77072775793@c.us","id":"true_77072775793@c.us_3EB057D0972D68E798B1","queueNumber":3322}
{"sent":true,"message":"Sent to 77017384628@c.us","id":"true_77017384628@c.us_3EB0908739E89D5AD7F8","queueNumber":3323}
{"sent":true,"message":"Sent to 77773078379@c.us","id":"true_77773078379@c.us_3EB0F5EDA1CB4251ABBF","queueNumber":3324}
{"sent":true,"message":"Sent to 77711201995@c.us","id":"true_77711201995@c.us_3EB0C6065C69C819F9C9","queueNumber":3325}
{"sent":true,"message":"Sent to 77071511131@c.us","id":"true_77071511131@c.us_3EB05641AD3C019C685C","queueNumber":3326}
{"sent":true,"message":"Sent to 77010000968@c.us","id":"true_77010000968@c.us_3EB0EE29AEE2C9844BC5","queueNumber":3327}
{"sent":true,"message":"Sent to 77777474848@c.us","id":"true_77777474848@c.us_3EB0F3B9BA4B4BAE4D47","queueNumber":3328}
{"sent":true,"message":"Sent to 77016271678@c.us","id":"true_77016271678@c.us_3EB0BBFE7529BFE287B0","queueNumber":3329}
{"sent":true,"message":"Sent to 77015850079@c.us","id":"true_77015850079@c.us_3EB0656C66B43765969F","queueNumber":3330}
{"sent":true,"message":"Sent to 77018800727@c.us","id":"true_77018800727@c.us_3EB0096B4A3EED431F3E","queueNumber":3331}
{"sent":true,"message":"Sent to 77773445862@c.us","id":"true_77773445862@c.us_3EB0CB48E5CFB78E30AF","queueNumber":3332}
{"sent":true,"message":"Sent to 77478643007@c.us","id":"true_77478643007@c.us_3EB047B0433063B0E438","queueNumber":3333}
{"sent":true,"message":"Sent to 77017498803@c.us","id":"true_77017498803@c.us_3EB0F665A34BFC9C858C","queueNumber":3334}
{"sent":true,"message":"Sent to 77774838695@c.us","id":"true_77774838695@c.us_3EB03F4097B8942F14CA","queueNumber":3335}
{"sent":true,"message":"Sent to 77051811817@c.us","id":"true_77051811817@c.us_3EB06E1DC75719362A85","queueNumber":3336}
{"sent":true,"message":"Sent to 77772420663@c.us","id":"true_77772420663@c.us_3EB041B7D28E5CCACDFB","queueNumber":3337}
{"sent":true,"message":"Sent to 77073076222@c.us","id":"true_77073076222@c.us_3EB0DD7CEF73FB4ABF2C","queueNumber":3338}
{"sent":true,"message":"Sent to 77471930174@c.us","id":"true_77471930174@c.us_3EB074B96388C66065CC","queueNumber":3339}
{"sent":true,"message":"Sent to 77772026147@c.us","id":"true_77772026147@c.us_3EB0F1631F2B7F5B9686","queueNumber":3340}
{"sent":true,"message":"Sent to 77015434211@c.us","id":"true_77015434211@c.us_3EB0FAD3BDCFF60F8260","queueNumber":3341}
{"sent":true,"message":"Sent to 77015193424@c.us","id":"true_77015193424@c.us_3EB0CBAF04321FA390DF","queueNumber":3342}
{"sent":true,"message":"Sent to 77012227535@c.us","id":"true_77012227535@c.us_3EB0FAD7EB094AC02F66","queueNumber":3343}
{"sent":true,"message":"Sent to 77015551768@c.us","id":"true_77015551768@c.us_3EB0AD3E91C983E5F2E2","queueNumber":3344}
{"sent":true,"message":"Sent to 77057709058@c.us","id":"true_77057709058@c.us_3EB042DC34D929621AB6","queueNumber":3345}
{"sent":true,"message":"Sent to 77016650885@c.us","id":"true_77016650885@c.us_3EB0C60A0D25C7496C0D","queueNumber":3346}
{"sent":true,"message":"Sent to 77022169537@c.us","id":"true_77022169537@c.us_3EB01C761BB02624C249","queueNumber":3347}
{"sent":true,"message":"Sent to 77770107591@c.us","id":"true_77770107591@c.us_3EB03FAC0D119D895A68","queueNumber":3348}
{"sent":true,"message":"Sent to 77017306481@c.us","id":"true_77017306481@c.us_3EB0888F70504E4F4209","queueNumber":3349}
{"sent":true,"message":"Sent to 77016650885@c.us","id":"true_77016650885@c.us_3EB0F46DAEAC54E14A5F","queueNumber":3350}
{"sent":true,"message":"Sent to 77019513063@c.us","id":"true_77019513063@c.us_3EB07A48398372B4DBCC","queueNumber":3351}
{"sent":true,"message":"Sent to 77025986737@c.us","id":"true_77025986737@c.us_3EB05C3A1BE922B1FB06","queueNumber":3352}
{"sent":true,"message":"Sent to 77079985863@c.us","id":"true_77079985863@c.us_3EB0A38DFF91F0361123","queueNumber":3353}
{"sent":true,"message":"Sent to 77077286358@c.us","id":"true_77077286358@c.us_3EB0B6ED36915DA77E5F","queueNumber":3354}
{"sent":true,"message":"Sent to 77017217702@c.us","id":"true_77017217702@c.us_3EB0ED121D0640F88EB4","queueNumber":3355}
{"sent":true,"message":"Sent to 77011306606@c.us","id":"true_77011306606@c.us_3EB0A9437EAE9040C1C1","queueNumber":3356}
{"sent":true,"message":"Sent to 77013239792@c.us","id":"true_77013239792@c.us_3EB0E071BCB4F9F6C035","queueNumber":3357}
{"sent":true,"message":"Sent to 77014447001@c.us","id":"true_77014447001@c.us_3EB02E81D03FF9B8ED44","queueNumber":3358}
{"sent":true,"message":"Sent to 77013624023@c.us","id":"true_77013624023@c.us_3EB06081387C7B9EEC21","queueNumber":3359}
{"sent":true,"message":"Sent to 77778188875@c.us","id":"true_77778188875@c.us_3EB01728EBEDC12C3223","queueNumber":3360}
{"sent":true,"message":"Sent to 77470799615@c.us","id":"true_77470799615@c.us_3EB05AF1DCBC9F4772ED","queueNumber":3361}
{"sent":true,"message":"Sent to 77017113631@c.us","id":"true_77017113631@c.us_3EB019788439ED768B5C","queueNumber":3362}
{"sent":true,"message":"Sent to 77019391369@c.us","id":"true_77019391369@c.us_3EB020AFE2AB1D283731","queueNumber":3363}
{"sent":true,"message":"Sent to 77776177372@c.us","id":"true_77776177372@c.us_3EB0668CC98956509FEA","queueNumber":3364}
{"sent":true,"message":"Sent to 77019536626@c.us","id":"true_77019536626@c.us_3EB0CC46A3D1F0F1BB8B","queueNumber":3365}
{"sent":true,"message":"Sent to 77711116541@c.us","id":"true_77711116541@c.us_3EB09C175B9140AF1656","queueNumber":3366}
{"sent":true,"message":"Sent to 77010359201@c.us","id":"true_77010359201@c.us_3EB0AC7983C4B38E1DBF","queueNumber":3367}
{"sent":true,"message":"Sent to 77776828122@c.us","id":"true_77776828122@c.us_3EB088C26C5E854C584D","queueNumber":3368}
{"sent":true,"message":"Sent to 77087524567@c.us","id":"true_77087524567@c.us_3EB04A574314B3F928EC","queueNumber":3369}
{"sent":true,"message":"Sent to 77010359201@c.us","id":"true_77010359201@c.us_3EB0F7DE30792D864621","queueNumber":3370}
{"sent":true,"message":"Sent to 77028051515@c.us","id":"true_77028051515@c.us_3EB08F5BFEC5DBCC4564","queueNumber":3371}
{"sent":true,"message":"Sent to 77010359201@c.us","id":"true_77010359201@c.us_3EB0E08DABA79476D7F7","queueNumber":3372}
{"sent":true,"message":"Sent to 77022085999@c.us","id":"true_77022085999@c.us_3EB0F11C179CD84DBE33","queueNumber":3373}
{"sent":true,"message":"Sent to 77055774999@c.us","id":"true_77055774999@c.us_3EB02BD0301488B224E6","queueNumber":3374}
{"sent":true,"message":"Sent to 77012256840@c.us","id":"true_77012256840@c.us_3EB010D8A0413E487D9F","queueNumber":3375}
{"sent":true,"message":"Sent to 77017124779@c.us","id":"true_77017124779@c.us_3EB08E00644E88BB1221","queueNumber":3376}
{"sent":true,"message":"Sent to 77473388156@c.us","id":"true_77473388156@c.us_3EB03AB8AD849B759894","queueNumber":3377}
{"sent":true,"message":"Sent to 77753237575@c.us","id":"true_77753237575@c.us_3EB07D4F7B48E97CB47F","queueNumber":3378}
{"sent":true,"message":"Sent to 77086544722@c.us","id":"true_77086544722@c.us_3EB02752A80E6A7356F0","queueNumber":3379}
{"sent":true,"message":"Sent to 77079876546@c.us","id":"true_77079876546@c.us_3EB0F783A0AC3C0A7714","queueNumber":3380}
{"sent":true,"message":"Sent to 77017598806@c.us","id":"true_77017598806@c.us_3EB0BECE5BC73CC80552","queueNumber":3381}
{"sent":true,"message":"Sent to 77025168266@c.us","id":"true_77025168266@c.us_3EB097B216B4B6C9340A","queueNumber":3382}
{"sent":true,"message":"Sent to 77089832470@c.us","id":"true_77089832470@c.us_3EB060A8DF34137ED8FA","queueNumber":3383}
{"sent":true,"message":"Sent to 77015684707@c.us","id":"true_77015684707@c.us_3EB020540AD5EE15E73E","queueNumber":3384}
{"sent":true,"message":"Sent to 77780570080@c.us","id":"true_77780570080@c.us_3EB060D4AAEA3F0626E1","queueNumber":3385}
{"sent":true,"message":"Sent to 77470095178@c.us","id":"true_77470095178@c.us_3EB03C59F05161BA2B0F","queueNumber":3386}
{"sent":true,"message":"Sent to 77027107744@c.us","id":"true_77027107744@c.us_3EB06FE169DB5D526145","queueNumber":3387}
{"sent":true,"message":"Sent to 77089152550@c.us","id":"true_77089152550@c.us_3EB04E319FC9DDC19B9C","queueNumber":3388}
{"sent":true,"message":"Sent to 77059901099@c.us","id":"true_77059901099@c.us_3EB0917CAF473D34770B","queueNumber":3389}
{"sent":true,"message":"Sent to 77476498158@c.us","id":"true_77476498158@c.us_3EB03C2D1669F02B2F84","queueNumber":3390}
{"sent":true,"message":"Sent to 77753899265@c.us","id":"true_77753899265@c.us_3EB02990D50694203BE5","queueNumber":3391}
{"sent":true,"message":"Sent to 77755296706@c.us","id":"true_77755296706@c.us_3EB08BA455AF358BE517","queueNumber":3392}
{"sent":true,"message":"Sent to 77077282583@c.us","id":"true_77077282583@c.us_3EB0322B61E7D6620E13","queueNumber":3393}
{"sent":true,"message":"Sent to 77010359201@c.us","id":"true_77010359201@c.us_3EB0237EA1F71A4BAA2B","queueNumber":3394}
{"sent":true,"message":"Sent to 77772270691@c.us","id":"true_77772270691@c.us_3EB0B959ED6F82E2EFFF","queueNumber":3395}
{"sent":true,"message":"Sent to 77010359201@c.us","id":"true_77010359201@c.us_3EB0C46BA8F93E147D59","queueNumber":3396}
{"sent":true,"message":"Sent to 77055529526@c.us","id":"true_77055529526@c.us_3EB094358F7D39C051E5","queueNumber":3397}
{"sent":true,"message":"Sent to 77073263480@c.us","id":"true_77073263480@c.us_3EB0B8E8A89FED0109E5","queueNumber":3398}
{"sent":true,"message":"Sent to 77053338777@c.us","id":"true_77053338777@c.us_3EB0DE83F64CD67E54FF","queueNumber":3399}
{"sent":true,"message":"Sent to 77014146465@c.us","id":"true_77014146465@c.us_3EB01663C110C8175302","queueNumber":3400}
{"sent":true,"message":"Sent to 77752214488@c.us","id":"true_77752214488@c.us_3EB0BCED77CC136712EF","queueNumber":3401}
{"sent":true,"message":"Sent to 77018946855@c.us","id":"true_77018946855@c.us_3EB09788C0A808AFC6FF","queueNumber":3402}
{"sent":true,"message":"Sent to 77017336484@c.us","id":"true_77017336484@c.us_3EB0E847F7E031E70BEE","queueNumber":3403}
{"sent":true,"message":"Sent to 77756123210@c.us","id":"true_77756123210@c.us_3EB0E7985858DD54ABF6","queueNumber":3404}
{"sent":true,"message":"Sent to 77024398008@c.us","id":"true_77024398008@c.us_3EB083CD6847837D706A","queueNumber":3405}
{"sent":true,"message":"Sent to 77027615000@c.us","id":"true_77027615000@c.us_3EB0E85F4A492637D8F8","queueNumber":3406}
{"sent":true,"message":"Sent to 77013902790@c.us","id":"true_77013902790@c.us_3EB05A93E520E685EF20","queueNumber":3407}
{"sent":true,"message":"Sent to 77013902790@c.us","id":"true_77013902790@c.us_3EB0BD3265E9E28E47D5","queueNumber":3408}
{"sent":true,"message":"Sent to 77021697030@c.us","id":"true_77021697030@c.us_3EB0FFFFCEA54DDA4357","queueNumber":3409}
{"sent":true,"message":"Sent to 77014927718@c.us","id":"true_77014927718@c.us_3EB0AFC275A442E84D69","queueNumber":3410}
{"sent":true,"message":"Sent to 87073078582@c.us","id":"true_87073078582@c.us_3EB0E7B098AA047C66F6","queueNumber":3411}
{"sent":true,"message":"Sent to 77471416801@c.us","id":"true_77471416801@c.us_3EB08C01AF886DEF8849","queueNumber":3412}
{"sent":true,"message":"Sent to 77055553884@c.us","id":"true_77055553884@c.us_3EB053063FA568123DFF","queueNumber":3413}
{"sent":true,"message":"Sent to 77052102837@c.us","id":"true_77052102837@c.us_3EB0A67B02F9876F60F8","queueNumber":3414}
{"sent":true,"message":"Sent to 77024247177@c.us","id":"true_77024247177@c.us_3EB054801FE9A75A1EC9","queueNumber":3415}
{"sent":true,"message":"Sent to 77089527575@c.us","id":"true_77089527575@c.us_3EB031EE189D3D1BD99D","queueNumber":3416}
{"sent":true,"message":"Sent to 77081905351@c.us","id":"true_77081905351@c.us_3EB020590E8D535E8B20","queueNumber":3417}
{"sent":true,"message":"Sent to 77010144807@c.us","id":"true_77010144807@c.us_3EB0E33244710D5A2CCC","queueNumber":3418}
{"sent":true,"message":"Sent to 77019391367@c.us","id":"true_77019391367@c.us_3EB0ACC4F0DB985C7566","queueNumber":3419}
{"sent":true,"message":"Sent to 77001119702@c.us","id":"true_77001119702@c.us_3EB0EAFC0AC520B18FD8","queueNumber":3420}
{"sent":true,"message":"Sent to 77015887755@c.us","id":"true_77015887755@c.us_3EB0E3D6387D77D660E8","queueNumber":3421}
{"sent":true,"message":"Sent to 77015778979@c.us","id":"true_77015778979@c.us_3EB0C7B9FAE97B9710EA","queueNumber":3422}
{"sent":true,"message":"Sent to 77778345500@c.us","id":"true_77778345500@c.us_3EB05295723F19CB03D6","queueNumber":3423}
{"sent":true,"message":"Sent to 77019517880@c.us","id":"true_77019517880@c.us_3EB0E7FD2A6E391D5731","queueNumber":3424}
{"sent":true,"message":"Sent to 77026600310@c.us","id":"true_77026600310@c.us_3EB0CD7523DBA7B5E026","queueNumber":3425}
{"sent":true,"message":"Sent to 77017119908@c.us","id":"true_77017119908@c.us_3EB0F5212DEAD1CDDB55","queueNumber":3426}
{"sent":true,"message":"Sent to 77021198317@c.us","id":"true_77021198317@c.us_3EB07DAA952327B5592D","queueNumber":3427}
{"sent":true,"message":"Sent to 77779563727@c.us","id":"true_77779563727@c.us_3EB083CB2E24D19D4B0F","queueNumber":3428}
{"sent":true,"message":"Sent to 77078617777@c.us","id":"true_77078617777@c.us_3EB00E68F24AF1E5D585","queueNumber":3429}
{"sent":true,"message":"Sent to 77019008815@c.us","id":"true_77019008815@c.us_3EB04E8FF974BB6A4CE0","queueNumber":3430}
{"sent":true,"message":"Sent to 77777245990@c.us","id":"true_77777245990@c.us_3EB071EA849900E0C163","queueNumber":3431}
{"sent":true,"message":"Sent to 77010359201@c.us","id":"true_77010359201@c.us_3EB00DCF06A4CA23A817","queueNumber":3432}
{"sent":true,"message":"Sent to 77071119316@c.us","id":"true_77071119316@c.us_3EB065B341371C37ABF9","queueNumber":3433}
{"sent":true,"message":"Sent to 77772204518@c.us","id":"true_77772204518@c.us_3EB0D94D8AABB3026817","queueNumber":3434}
{"sent":true,"message":"Sent to 77752528844@c.us","id":"true_77752528844@c.us_3EB0D76BF44CC75D4AB4","queueNumber":3435}
{"sent":true,"message":"Sent to 77772420780@c.us","id":"true_77772420780@c.us_3EB05C3889D34B1F2554","queueNumber":3436}
{"sent":true,"message":"Sent to 77023555315@c.us","id":"true_77023555315@c.us_3EB0BE724A0B7A19E59C","queueNumber":3437}
{"sent":true,"message":"Sent to 77772335044@c.us","id":"true_77772335044@c.us_3EB09930C1F9FF99DDA5","queueNumber":3438}
{"sent":true,"message":"Sent to 77085905709@c.us","id":"true_77085905709@c.us_3EB056E72FC22025375B","queueNumber":3439}
{"sent":true,"message":"Sent to 77479022220@c.us","id":"true_77479022220@c.us_3EB0A11D3103A9825970","queueNumber":3440}
{"sent":true,"message":"Sent to 77754916507@c.us","id":"true_77754916507@c.us_3EB04DF664621C090552","queueNumber":3441}
{"sent":true,"message":"Sent to 77075252022@c.us","id":"true_77075252022@c.us_3EB0E1B1008736BC90FE","queueNumber":3442}
{"sent":true,"message":"Sent to 77472414396@c.us","id":"true_77472414396@c.us_3EB074AE86C511980F12","queueNumber":3443}
{"sent":true,"message":"Sent to 77017185019@c.us","id":"true_77017185019@c.us_3EB0F257A743C8FBBC6D","queueNumber":3444}
{"sent":true,"message":"Sent to 77772552692@c.us","id":"true_77772552692@c.us_3EB0EE892A4EC2688A6D","queueNumber":3445}
{"sent":true,"message":"Sent to 77783138922@c.us","id":"true_77783138922@c.us_3EB076663541AB4BAFDE","queueNumber":3446}
{"sent":true,"message":"Sent to 77753339908@c.us","id":"true_77753339908@c.us_3EB07ADEF8769D5CF40F","queueNumber":3447}
{"sent":true,"message":"Sent to 77010310030@c.us","id":"true_77010310030@c.us_3EB0F9C8C09E345D0770","queueNumber":3448}
{"sent":true,"message":"Sent to 77010359201@c.us","id":"true_77010359201@c.us_3EB090FD058ED3AB5DF5","queueNumber":3449}
{"sent":true,"message":"Sent to 77010359201@c.us","id":"true_77010359201@c.us_3EB00573D7E5808F06F6","queueNumber":3450}
{"sent":true,"message":"Sent to 77019391368@c.us","id":"true_77019391368@c.us_3EB0484AEBCD488B4D1F","queueNumber":3451}
{"sent":true,"message":"Sent to 77759347403@c.us","id":"true_77759347403@c.us_3EB0C5840CFE30EBE334","queueNumber":3452}
{"sent":true,"message":"Sent to 77079691047@c.us","id":"true_77079691047@c.us_3EB0FB3BF68C9FF9A684","queueNumber":3453}
{"sent":true,"message":"Sent to 77017446540@c.us","id":"true_77017446540@c.us_3EB06F62B8945748DB70","queueNumber":3454}
{"sent":true,"message":"Sent to 77713002000@c.us","id":"true_77713002000@c.us_3EB05D406AEE1C75B77E","queueNumber":3455}
{"sent":true,"message":"Sent to 77019333666@c.us","id":"true_77019333666@c.us_3EB0F6274C8C23C63DAD","queueNumber":3456}
{"sent":true,"message":"Sent to 77077836060@c.us","id":"true_77077836060@c.us_3EB01BB0A13B2979E941","queueNumber":3457}
{"sent":true,"message":"Sent to 77012921333@c.us","id":"true_77012921333@c.us_3EB082FF21DE185F8FCF","queueNumber":3458}
{"sent":true,"message":"Sent to 77773556183@c.us","id":"true_77773556183@c.us_3EB0E133BBDC4499981E","queueNumber":3459}
{"sent":true,"message":"Sent to 77018946855@c.us","id":"true_77018946855@c.us_3EB05ACB82F081AF185B","queueNumber":3460}
{"sent":true,"message":"Sent to 77472826242@c.us","id":"true_77472826242@c.us_3EB06A9B3AB366951E16","queueNumber":3461}
{"sent":true,"message":"Sent to 77776353377@c.us","id":"true_77776353377@c.us_3EB0BE8469A3597CB41C","queueNumber":3462}
{"sent":true,"message":"Sent to 77018417112@c.us","id":"true_77018417112@c.us_3EB08657360E9C04C626","queueNumber":3463}
{"sent":true,"message":"Sent to 77021314266@c.us","id":"true_77021314266@c.us_3EB02EC7F5284F33413E","queueNumber":3464}
{"sent":true,"message":"Sent to 77477425254@c.us","id":"true_77477425254@c.us_3EB005551A4A9629B3C0","queueNumber":3465}
{"sent":true,"message":"Sent to 77477425254@c.us","id":"true_77477425254@c.us_3EB0A3AB325CDAF7AB55","queueNumber":3466}
{"sent":true,"message":"Sent to 77023530574@c.us","id":"true_77023530574@c.us_3EB0D6973DC61B412449","queueNumber":3467}
{"sent":true,"message":"Sent to 77775558837@c.us","id":"true_77775558837@c.us_3EB0433AC1588E702051","queueNumber":3468}
{"sent":true,"message":"Sent to 77772511028@c.us","id":"true_77772511028@c.us_3EB0FD278B7E8DEFEE21","queueNumber":3469}
{"sent":true,"message":"Sent to 77756611557@c.us","id":"true_77756611557@c.us_3EB081D64C705F1B3DF1","queueNumber":3470}
{"sent":true,"message":"Sent to 77073270327@c.us","id":"true_77073270327@c.us_3EB0D1394CCBAC201617","queueNumber":3471}
{"sent":true,"message":"Sent to 77028000600@c.us","id":"true_77028000600@c.us_3EB0320A0EA92694659D","queueNumber":3472}
{"sent":true,"message":"Sent to 77017280100@c.us","id":"true_77017280100@c.us_3EB06F4E2B6E871D2E49","queueNumber":3473}
{"sent":true,"message":"Sent to 77075337110@c.us","id":"true_77075337110@c.us_3EB00697850ED36E026F","queueNumber":3474}
{"sent":true,"message":"Sent to 77051702024@c.us","id":"true_77051702024@c.us_3EB0A3282CB7709798D1","queueNumber":3475}
{"sent":true,"message":"Sent to 77776669094@c.us","id":"true_77776669094@c.us_3EB064FB86000F38C45B","queueNumber":3476}
{"sent":true,"message":"Sent to 77054102322@c.us","id":"true_77054102322@c.us_3EB042FDB0A36886EEE0","queueNumber":3477}
{"sent":true,"message":"Sent to 77016069911@c.us","id":"true_77016069911@c.us_3EB075CD5E51D25E266C","queueNumber":3478}
{"sent":true,"message":"Sent to 77079448524@c.us","id":"true_77079448524@c.us_3EB0054C5362C5895407","queueNumber":3479}
{"sent":true,"message":"Sent to 77477936279@c.us","id":"true_77477936279@c.us_3EB0AA87D98B841083C9","queueNumber":3480}
{"sent":true,"message":"Sent to 77013774702@c.us","id":"true_77013774702@c.us_3EB08D2E9992C6B9ABAC","queueNumber":3481}
{"sent":true,"message":"Sent to 77021111404@c.us","id":"true_77021111404@c.us_3EB0A3D04E02301533D6","queueNumber":3482}
{"sent":true,"message":"Sent to 77014072863@c.us","id":"true_77014072863@c.us_3EB00A19916BBCDD5299","queueNumber":3483}
{"sent":true,"message":"Sent to 77017205487@c.us","id":"true_77017205487@c.us_3EB06E3B8DB49A28650C","queueNumber":3484}
{"sent":true,"message":"Sent to 77778476178@c.us","id":"true_77778476178@c.us_3EB058EB9BC833FE3090","queueNumber":3485}
{"sent":true,"message":"Sent to 77002773454@c.us","id":"true_77002773454@c.us_3EB0A7BDA8201DC95AD0","queueNumber":3486}
{"sent":true,"message":"Sent to 77758178320@c.us","id":"true_77758178320@c.us_3EB0FD0B5AC268127476","queueNumber":3487}
{"sent":true,"message":"Sent to 77078374525@c.us","id":"true_77078374525@c.us_3EB09A25B8A914EDDA6F","queueNumber":3488}
{"sent":true,"message":"Sent to 77017136079@c.us","id":"true_77017136079@c.us_3EB06D0C20B0A98A11BE","queueNumber":3489}
{"sent":true,"message":"Sent to 77755088440@c.us","id":"true_77755088440@c.us_3EB0F2DDC5E9B28B59C5","queueNumber":3490}
{"sent":true,"message":"Sent to 77772518040@c.us","id":"true_77772518040@c.us_3EB0311589F72C3F8AFB","queueNumber":3491}
{"sent":true,"message":"Sent to 77770148053@c.us","id":"true_77770148053@c.us_3EB08222D1EE22E7E3E8","queueNumber":3492}
{"sent":true,"message":"Sent to 77017630836@c.us","id":"true_77017630836@c.us_3EB04D637B27DF134112","queueNumber":3493}
{"sent":true,"message":"Sent to 77471809020@c.us","id":"true_77471809020@c.us_3EB08F0AC53EA3DBE455","queueNumber":3494}
{"sent":true,"message":"Sent to 77013297079@c.us","id":"true_77013297079@c.us_3EB04F4F1C951051AB4C","queueNumber":3495}
{"sent":true,"message":"Sent to 77772210914@c.us","id":"true_77772210914@c.us_3EB022963D0E81EF5F40","queueNumber":3496}
{"sent":true,"message":"Sent to 77773901974@c.us","id":"true_77773901974@c.us_3EB09717D7E161349959","queueNumber":3497}
{"sent":true,"message":"Sent to 77017713758@c.us","id":"true_77017713758@c.us_3EB0CA1C4D1046176E3F","queueNumber":3498}
{"sent":true,"message":"Sent to 77781008113@c.us","id":"true_77781008113@c.us_3EB0FC9489CC5E7E5120","queueNumber":3499}
{"sent":true,"message":"Sent to 77004899869@c.us","id":"true_77004899869@c.us_3EB0121CA2B20F93ACE2","queueNumber":3500}
{"sent":true,"message":"Sent to 77775907060@c.us","id":"true_77775907060@c.us_3EB021C42D3AA5FA980F","queueNumber":3501}
{"sent":true,"message":"Sent to 87070249220@c.us","id":"true_87070249220@c.us_3EB0F84BA3B595CBAF36","queueNumber":3502}
{"sent":true,"message":"Sent to 77472201606@c.us","id":"true_77472201606@c.us_3EB0D3FE3599BD038B49","queueNumber":3503}
{"sent":true,"message":"Sent to 77073954450@c.us","id":"true_77073954450@c.us_3EB0E01046A3BA8E134E","queueNumber":3504}
{"sent":true,"message":"Sent to 77475566723@c.us","id":"true_77475566723@c.us_3EB0F3F231A5C0EA966B","queueNumber":3505}
{"sent":true,"message":"Sent to 77024440444@c.us","id":"true_77024440444@c.us_3EB03C76975E6C87CF0F","queueNumber":3506}
{"sent":true,"message":"Sent to 77785848046@c.us","id":"true_77785848046@c.us_3EB06C5E78CDD1AF84B5","queueNumber":3507}
{"sent":true,"message":"Sent to 77025271111@c.us","id":"true_77025271111@c.us_3EB0332C7EEADE98E30B","queueNumber":3508}
{"sent":true,"message":"Sent to 77478025886@c.us","id":"true_77478025886@c.us_3EB0173469760A8ECF05","queueNumber":3509}
{"sent":true,"message":"Sent to 77754122690@c.us","id":"true_77754122690@c.us_3EB011B23C4ED7F2E3C5","queueNumber":3510}
{"sent":true,"message":"Sent to 77021198317@c.us","id":"true_77021198317@c.us_3EB0DF84E29ED4E103FD","queueNumber":3511}
{"sent":true,"message":"Sent to 77782674277@c.us","id":"true_77782674277@c.us_3EB019EECEE41B22808D","queueNumber":3512}
{"sent":true,"message":"Sent to 77073252909@c.us","id":"true_77073252909@c.us_3EB05832530DB22C71C4","queueNumber":3513}
{"sent":true,"message":"Sent to 77055529526@c.us","id":"true_77055529526@c.us_3EB01E690B53E94A530F","queueNumber":3514}
{"sent":true,"message":"Sent to 77013724469@c.us","id":"true_77013724469@c.us_3EB04BED7E32EFE6DEBE","queueNumber":3515}
{"sent":true,"message":"Sent to 77059901099@c.us","id":"true_77059901099@c.us_3EB06DA468B9B9FC6FE6","queueNumber":3516}
{"sent":true,"message":"Sent to 77013565887@c.us","id":"true_77013565887@c.us_3EB0663007EA17544030","queueNumber":3517}
{"sent":true,"message":"Sent to 77772987890@c.us","id":"true_77772987890@c.us_3EB03E31F0F74EB5F576","queueNumber":3518}
{"sent":true,"message":"Sent to 77012545995@c.us","id":"true_77012545995@c.us_3EB0CA6855013BEF8079","queueNumber":3519}
{"sent":true,"message":"Sent to 77473928714@c.us","id":"true_77473928714@c.us_3EB09FB51339E69F04AB","queueNumber":3520}
{"sent":true,"message":"Sent to 77788844678@c.us","id":"true_77788844678@c.us_3EB065DC55E58402DFCE","queueNumber":3521}
{"sent":true,"message":"Sent to 77784662027@c.us","id":"true_77784662027@c.us_3EB0EC849F8CB1DCE194","queueNumber":3522}
{"sent":true,"message":"Sent to 77071710077@c.us","id":"true_77071710077@c.us_3EB0399F74D6809AB950","queueNumber":3523}
{"sent":true,"message":"Sent to 77774708866@c.us","id":"true_77774708866@c.us_3EB09E2652081D8FBB58","queueNumber":3524}
{"sent":true,"message":"Sent to 77077471666@c.us","id":"true_77077471666@c.us_3EB0631A7C0D5700A507","queueNumber":3525}
{"sent":true,"message":"Sent to 77084023079@c.us","id":"true_77084023079@c.us_3EB0811C3158FA345C50","queueNumber":3526}
{"sent":true,"message":"Sent to 77071717923@c.us","id":"true_77071717923@c.us_3EB075E817E7F8F220F6","queueNumber":3527}
{"sent":true,"message":"Sent to 77754782838@c.us","id":"true_77754782838@c.us_3EB056B7B5E479DFD50B","queueNumber":3528}
{"sent":true,"message":"Sent to 77752324422@c.us","id":"true_77752324422@c.us_3EB07C12171AC899497E","queueNumber":3529}
{"sent":true,"message":"Sent to 77022678855@c.us","id":"true_77022678855@c.us_3EB077CDBD2B4E71EA48","queueNumber":3530}
{"sent":true,"message":"Sent to 77010342790@c.us","id":"true_77010342790@c.us_3EB0A921AE983BE01075","queueNumber":3531}
{"sent":true,"message":"Sent to 77783003377@c.us","id":"true_77783003377@c.us_3EB0E212FBE2FDEF56EA","queueNumber":3532}
{"sent":true,"message":"Sent to 77058602845@c.us","id":"true_77058602845@c.us_3EB0789BD719ED25CC8E","queueNumber":3533}
{"sent":true,"message":"Sent to 77027415121@c.us","id":"true_77027415121@c.us_3EB0C5D4FD92E84679B3","queueNumber":3534}
{"sent":true,"message":"Sent to 77012227220@c.us","id":"true_77012227220@c.us_3EB0B022784ADE375D8A","queueNumber":3535}
{"sent":true,"message":"Sent to 77073318835@c.us","id":"true_77073318835@c.us_3EB0C0EE12938AF1E818","queueNumber":3536}
{"sent":true,"message":"Sent to 77773131857@c.us","id":"true_77773131857@c.us_3EB0761495C040159012","queueNumber":3537}
{"sent":true,"message":"Sent to 77776665544@c.us","id":"true_77776665544@c.us_3EB0E4F3498A0741B3C9","queueNumber":3538}
{"sent":true,"message":"Sent to 77776665544@c.us","id":"true_77776665544@c.us_3EB0E1C933D031105A52","queueNumber":3539}
{"sent":true,"message":"Sent to 77051887843@c.us","id":"true_77051887843@c.us_3EB07B34FF29DC6B2230","queueNumber":3540}
{"sent":true,"message":"Sent to 77017498892@c.us","id":"true_77017498892@c.us_3EB080E4679B25C5F535","queueNumber":3541}
{"sent":true,"message":"Sent to 77015929277@c.us","id":"true_77015929277@c.us_3EB019104A1E42B1025C","queueNumber":3542}
{"sent":true,"message":"Sent to 77777794646@c.us","id":"true_77777794646@c.us_3EB04B081777EB1A1D9B","queueNumber":3543}
{"sent":true,"message":"Sent to 77028000600@c.us","id":"true_77028000600@c.us_3EB03038A6BD3ACF5920","queueNumber":3544}
{"sent":true,"message":"Sent to 77076770507@c.us","id":"true_77076770507@c.us_3EB017D0EE6D74FE4BA4","queueNumber":3545}
{"sent":true,"message":"Sent to 77082256831@c.us","id":"true_77082256831@c.us_3EB05E3CDB9854021A10","queueNumber":3546}
{"sent":true,"message":"Sent to 77015556010@c.us","id":"true_77015556010@c.us_3EB03170C90E1E24C77C","queueNumber":3547}
{"sent":true,"message":"Sent to 77054625225@c.us","id":"true_77054625225@c.us_3EB03F2B9D9EB2225F17","queueNumber":3548}
{"sent":true,"message":"Sent to 77019009020@c.us","id":"true_77019009020@c.us_3EB080B0848960D83C64","queueNumber":3549}
{"sent":true,"message":"Sent to 77014667977@c.us","id":"true_77014667977@c.us_3EB086C2014F01628F86","queueNumber":3550}
{"sent":true,"message":"Sent to 77005445722@c.us","id":"true_77005445722@c.us_3EB09BC1A83138C0F804","queueNumber":3551}
{"sent":true,"message":"Sent to 77780413813@c.us","id":"true_77780413813@c.us_3EB003D70FD5B4975243","queueNumber":3552}
{"sent":true,"message":"Sent to 77075008870@c.us","id":"true_77075008870@c.us_3EB05490F67F07F03C7D","queueNumber":3553}
{"sent":true,"message":"Sent to 77026668668@c.us","id":"true_77026668668@c.us_3EB005B0E8CF7D793C97","queueNumber":3554}
{"sent":true,"message":"Sent to 77059725113@c.us","id":"true_77059725113@c.us_3EB01504067A602C3177","queueNumber":3555}
{"sent":true,"message":"Sent to 77015329898@c.us","id":"true_77015329898@c.us_3EB03DE2C499C03FF664","queueNumber":3556}
{"sent":true,"message":"Sent to 77781008113@c.us","id":"true_77781008113@c.us_3EB07CBAC4C964A059CC","queueNumber":3557}
{"sent":true,"message":"Sent to 77003279027@c.us","id":"true_77003279027@c.us_3EB0AF7CCC0DE3DBB351","queueNumber":3558}
{"sent":true,"message":"Sent to 77775969064@c.us","id":"true_77775969064@c.us_3EB0DC9BBD3F9F792F76","queueNumber":3559}
{"sent":true,"message":"Sent to 77026600310@c.us","id":"true_77026600310@c.us_3EB0D71FA6968C65A4AD","queueNumber":3560}
{"sent":true,"message":"Sent to 77057241215@c.us","id":"true_77057241215@c.us_3EB09B5A41ADCC5E2705","queueNumber":3561}
{"sent":true,"message":"Sent to 77772760044@c.us","id":"true_77772760044@c.us_3EB0172C128A73E36620","queueNumber":3562}
{"sent":true,"message":"Sent to 77015582284@c.us","id":"true_77015582284@c.us_3EB0CF4993BCEB0EB169","queueNumber":3563}
{"sent":true,"message":"Sent to 77785285420@c.us","id":"true_77785285420@c.us_3EB035DA36B3E8C594B1","queueNumber":3564}
{"sent":true,"message":"Sent to 77011102210@c.us","id":"true_77011102210@c.us_3EB01DEA2FA9EF6BFB90","queueNumber":3565}
{"sent":true,"message":"Sent to 77057262296@c.us","id":"true_77057262296@c.us_3EB09E149E3C1E0387F9","queueNumber":3566}
{"sent":true,"message":"Sent to 77012292292@c.us","id":"true_77012292292@c.us_3EB09013FEDCD2FCCD1B","queueNumber":3567}
{"sent":true,"message":"Sent to 77762195222@c.us","id":"true_77762195222@c.us_3EB06A1FAEF6271CC488","queueNumber":3568}
{"sent":true,"message":"Sent to 77787690790@c.us","id":"true_77787690790@c.us_3EB0625D88F65E70EB5E","queueNumber":3569}
{"sent":true,"message":"Sent to 77071641308@c.us","id":"true_77071641308@c.us_3EB031C3D2E36B6986A4","queueNumber":3570}
{"sent":true,"message":"Sent to 77760269926@c.us","id":"true_77760269926@c.us_3EB0674F07B5B0605161","queueNumber":3571}
{"sent":true,"message":"Sent to 77017875590@c.us","id":"true_77017875590@c.us_3EB05D0F1F52D47BF347","queueNumber":3572}
{"sent":true,"message":"Sent to 77711906894@c.us","id":"true_77711906894@c.us_3EB06448135B05C9246C","queueNumber":3573}
{"sent":true,"message":"Sent to 77473158195@c.us","id":"true_77473158195@c.us_3EB0FE40AF98687B6737","queueNumber":3574}
{"sent":true,"message":"Sent to 77080505634@c.us","id":"true_77080505634@c.us_3EB0F6E3E5ED8278B57A","queueNumber":3575}
{"sent":true,"message":"Sent to 77080505634@c.us","id":"true_77080505634@c.us_3EB0D5B018701A02AB40","queueNumber":3577}
{"sent":true,"message":"Sent to 77080505634@c.us","id":"true_77080505634@c.us_3EB092E6A108DEF9B70F","queueNumber":3578}
